<?xml version="1.0" encoding="UTF-8"?>
<!-- Generated by org.testng.reporters.JUnitXMLReporter -->
<testsuite ignored="1" hostname="LAPTOP-FV5T2F4P" failures="0" tests="3" name="ARC Essential Reboot Test Cases" time="148.713" errors="0" timestamp="2021-05-19T18:43:20 IST">
  <testcase classname="com.arc.testCases.LoginPageTest" name="LoginIntoApplicationTest" time="22.23"/>
  <testcase classname="com.arc.testCases.HomePageTest" name="CheckClickOnProjectsMenu" time="6.238"/>
  <testcase classname="com.arc.testCases.Building.ProjectPageTest" name="CheckProjectListed" time="2.762"/>
  <testcase classname="com.arc.testCases.LoginPageTest" name="LoginPageTitleTest" time="0.0">
    <ignored/>
  </testcase> <!-- LoginPageTitleTest -->
</testsuite> <!-- ARC Essential Reboot Test Cases -->
