<?xml version="1.0" encoding="UTF-8"?>
<!-- Generated by org.testng.reporters.JUnitXMLReporter -->
<testsuite ignored="0" hostname="LAPTOP-FV5T2F4P" failures="0" tests="4" name="ARC Essential Rebbot Test Cases" time="178.39" errors="0" timestamp="2021-05-19T17:55:52 IST">
  <testcase classname="com.arc.testCases.LoginPageTest" name="LoginPageTitleTest" time="0.037"/>
  <testcase classname="com.arc.testCases.LoginPageTest" name="LoginIntoApplicationTest" time="37.986"/>
  <testcase classname="com.arc.testCases.HomePageTest" name="CheckClickOnProjectsMenu" time="4.19"/>
  <testcase classname="com.arc.testCases.Building.ProjectPageTest" name="CheckProjectListed" time="2.082"/>
</testsuite> <!-- ARC Essential Rebbot Test Cases -->
