<?xml version="1.0" encoding="UTF-8"?>
<!-- Generated by org.testng.reporters.JUnitXMLReporter -->
<testsuite ignored="1" hostname="G10GGNLT065" failures="0" tests="3" name="ARC Essential Reboot Test " time="228.711" errors="0" timestamp="23 May 2021 02:20:30 GMT">
  <testcase classname="com.arc.testCases.LoginPageTest" name="LoginIntoApplicationTest" time="52.785"/>
  <testcase classname="com.arc.testCases.HomePageTest" name="CheckClickOnProjectsMenu" time="5.632"/>
  <testcase classname="com.arc.testCases.Building.ProjectPageTest" name="CheckProjectListed" time="2.02"/>
  <testcase classname="com.arc.testCases.LoginPageTest" name="LoginPageTitleTest" time="0.0">
    <ignored/>
  </testcase> <!-- LoginPageTitleTest -->
</testsuite> <!-- ARC Essential Reboot Test  -->
