<?xml version="1.0" encoding="UTF-8"?>
<!-- Generated by org.testng.reporters.JUnitXMLReporter -->
<testsuite ignored="19" hostname="DESKTOP-9Q0OFG6" failures="0" tests="160" name="Default test" time="0.641" errors="0" timestamp="27 Apr 2022 05:11:42 GMT">
  <testcase classname="com.arc.testBase.BaseClass" name="@BeforeTest initializtion" time="0.0">
    <failure type="org.testng.TestNGException" message="
Parameter &amp;apos;browserName&amp;apos; is required by BeforeTest on method initializtion but has not been marked @Optional or defined
in C:\Users\USGBC\AppData\Local\Temp\testng-eclipse--1833446110\testng-customsuite.xml">
      <![CDATA[org.testng.TestNGException: 
Parameter 'browserName' is required by BeforeTest on method initializtion but has not been marked @Optional or defined
in C:\Users\USGBC\AppData\Local\Temp\testng-eclipse--1833446110\testng-customsuite.xml
	at org.testng.internal.Parameters.createParameters(Parameters.java:199)
	at org.testng.internal.Parameters.createParameters(Parameters.java:443)
	at org.testng.internal.Parameters.createConfigurationParameters(Parameters.java:118)
	at org.testng.internal.Invoker.invokeConfigurations(Invoker.java:203)
	at org.testng.internal.Invoker.invokeConfigurations(Invoker.java:144)
	at org.testng.TestRunner.beforeRun(TestRunner.java:634)
	at org.testng.TestRunner.run(TestRunner.java:602)
	at org.testng.SuiteRunner.runTest(SuiteRunner.java:387)
	at org.testng.SuiteRunner.runSequentially(SuiteRunner.java:382)
	at org.testng.SuiteRunner.privateRun(SuiteRunner.java:340)
	at org.testng.SuiteRunner.run(SuiteRunner.java:289)
	at org.testng.SuiteRunnerWorker.runSuite(SuiteRunnerWorker.java:52)
	at org.testng.SuiteRunnerWorker.run(SuiteRunnerWorker.java:86)
	at org.testng.TestNG.runSuitesSequentially(TestNG.java:1293)
	at org.testng.TestNG.runSuitesLocally(TestNG.java:1218)
	at org.testng.TestNG.runSuites(TestNG.java:1133)
	at org.testng.TestNG.run(TestNG.java:1104)
	at org.testng.remote.AbstractRemoteTestNG.run(AbstractRemoteTestNG.java:115)
	at org.testng.remote.RemoteTestNG.initAndRun(RemoteTestNG.java:251)
	at org.testng.remote.RemoteTestNG.main(RemoteTestNG.java:77)
]]>
    </failure>
  </testcase> <!-- @BeforeTest initializtion -->
  <testcase classname="com.arc.testBase.BaseClass" name="@AfterTest closeBrowser" time="0.0">
    <skipped/>
  </testcase> <!-- @AfterTest closeBrowser -->
  <testcase classname="com.arc.testCases.LoginPageTest" name="Login_ApplicationTest" time="0.017">
    <skipped/>
  </testcase> <!-- Login_ApplicationTest -->
  <testcase classname="com.arc.testCases.Project.CityPageTest" name="City_Agreement_Display" time="0.0">
    <skipped/>
  </testcase> <!-- City_Agreement_Display -->
  <testcase classname="com.arc.testCases.Project.CityPageTest" name="City_Agreement_Download" time="0.0">
    <skipped/>
  </testcase> <!-- City_Agreement_Download -->
  <testcase classname="com.arc.testCases.Project.CityPageTest" name="City_LEEDIDProject_Download_Invoice" time="0.0">
    <skipped/>
  </testcase> <!-- City_LEEDIDProject_Download_Invoice -->
  <testcase classname="com.arc.testCases.Project.CityPageTest" name="City_Team_Add_Member" time="0.0">
    <skipped/>
  </testcase> <!-- City_Team_Add_Member -->
  <testcase classname="com.arc.testCases.Project.CityPageTest" name="City_Team_Delete_Member" time="0.001">
    <skipped/>
  </testcase> <!-- City_Team_Delete_Member -->
  <testcase classname="com.arc.testCases.Project.CityPageTest" name="City_Certifications_LEED_Certification" time="0.0">
    <skipped/>
  </testcase> <!-- City_Certifications_LEED_Certification -->
  <testcase classname="com.arc.testCases.Project.CityPageTest" name="City_Certifications_RegisterForLEEDCertification" time="0.0">
    <skipped/>
  </testcase> <!-- City_Certifications_RegisterForLEEDCertification -->
  <testcase classname="com.arc.testCases.Project.CityPageTest" name="City_Certifications_RecentCertifications" time="0.0">
    <skipped/>
  </testcase> <!-- City_Certifications_RecentCertifications -->
  <testcase classname="com.arc.testCases.Project.CityPageTest" name="City_Certifications_CheckLearnMoreLink" time="0.0">
    <skipped/>
  </testcase> <!-- City_Certifications_CheckLearnMoreLink -->
  <testcase classname="com.arc.testCases.Project.CityPageTest" name="City_Certifications_VerifyTextMessage" time="0.0">
    <skipped/>
  </testcase> <!-- City_Certifications_VerifyTextMessage -->
  <testcase classname="com.arc.testCases.Project.CityPageTest" name="City_ProjectSetting_Population_Add_Row" time="0.0">
    <skipped/>
  </testcase> <!-- City_ProjectSetting_Population_Add_Row -->
  <testcase classname="com.arc.testCases.Project.CityPageTest" name="City_ProjectSetting_Population_Save_Row_DecadeCalender_Display" time="0.0">
    <skipped/>
  </testcase> <!-- City_ProjectSetting_Population_Save_Row_DecadeCalender_Display -->
  <testcase classname="com.arc.testCases.Project.CityPageTest" name="City_ProjectSetting_Population_UpdatedBy_Test" time="0.0">
    <skipped/>
  </testcase> <!-- City_ProjectSetting_Population_UpdatedBy_Test -->
  <testcase classname="com.arc.testCases.Project.CityPageTest" name="City_ProjectSetting_Population_Comments_Activity_Test" time="0.0">
    <skipped/>
  </testcase> <!-- City_ProjectSetting_Population_Comments_Activity_Test -->
  <testcase classname="com.arc.testCases.Project.CityPageTest" name="City_Population_Field_Comma_Display" time="0.0">
    <skipped/>
  </testcase> <!-- City_Population_Field_Comma_Display -->
  <testcase classname="com.arc.testCases.Project.CityPageTest" name="City_Population_Filter_Test" time="0.0">
    <skipped/>
  </testcase> <!-- City_Population_Filter_Test -->
  <testcase classname="com.arc.testCases.Project.CityPageTest" name="City_Population_DeleteRecord" time="0.001">
    <skipped/>
  </testcase> <!-- City_Population_DeleteRecord -->
  <testcase classname="com.arc.testCases.Project.CityPageTest" name="City_ProjectSetting_ProjectArea_Add_Row" time="0.0">
    <skipped/>
  </testcase> <!-- City_ProjectSetting_ProjectArea_Add_Row -->
  <testcase classname="com.arc.testCases.Project.CityPageTest" name="City_ProjectSetting_ProjectArea_Save_Row_DecadeCalender_Display" time="0.0">
    <skipped/>
  </testcase> <!-- City_ProjectSetting_ProjectArea_Save_Row_DecadeCalender_Display -->
  <testcase classname="com.arc.testCases.Project.CityPageTest" name="City_ProjectArea_Field_Comma_Display" time="0.0">
    <skipped/>
  </testcase> <!-- City_ProjectArea_Field_Comma_Display -->
  <testcase classname="com.arc.testCases.Project.CityPageTest" name="City_ProjectSetting_ProjectArea_Comments_Activity_Test" time="0.0">
    <skipped/>
  </testcase> <!-- City_ProjectSetting_ProjectArea_Comments_Activity_Test -->
  <testcase classname="com.arc.testCases.Project.CityPageTest" name="City_Project_Area_GrossArea_SquareMiles_Display" time="0.0">
    <skipped/>
  </testcase> <!-- City_Project_Area_GrossArea_SquareMiles_Display -->
  <testcase classname="com.arc.testCases.Project.CityPageTest" name="City_ProjectArea_Filter_Test" time="0.0">
    <skipped/>
  </testcase> <!-- City_ProjectArea_Filter_Test -->
  <testcase classname="com.arc.testCases.Project.CityPageTest" name="City_ProjectArea_DeleteRecord" time="0.0">
    <skipped/>
  </testcase> <!-- City_ProjectArea_DeleteRecord -->
  <testcase classname="com.arc.testCases.Project.CityPageTest" name="City_ProjectSetting_ProjectArea_UpdatedBy" time="0.0">
    <skipped/>
  </testcase> <!-- City_ProjectSetting_ProjectArea_UpdatedBy -->
  <testcase classname="com.arc.testCases.Project.CityPageTest" name="City_Energy_GHGEmission_With_DataAndDetails_Display" time="0.0">
    <skipped/>
  </testcase> <!-- City_Energy_GHGEmission_With_DataAndDetails_Display -->
  <testcase classname="com.arc.testCases.Project.CityPageTest" name="City_Energy_GHGEmission_AddYear_AddNewLine" time="0.0">
    <skipped/>
  </testcase> <!-- City_Energy_GHGEmission_AddYear_AddNewLine -->
  <testcase classname="com.arc.testCases.Project.CityPageTest" name="City_Energy_GHGEmission_SavePreviousYearData" time="0.0">
    <skipped/>
  </testcase> <!-- City_Energy_GHGEmission_SavePreviousYearData -->
  <testcase classname="com.arc.testCases.Project.CityPageTest" name="City_Energy_GHGEmission_CheckScore" time="0.0">
    <skipped/>
  </testcase> <!-- City_Energy_GHGEmission_CheckScore -->
  <testcase classname="com.arc.testCases.Project.CityPageTest" name="City_Energy_GHGEmission_Edit_Row" time="0.0">
    <skipped/>
  </testcase> <!-- City_Energy_GHGEmission_Edit_Row -->
  <testcase classname="com.arc.testCases.Project.CityPageTest" name="City_Energy_AddRow_PreviousYear_NextYear" time="0.0">
    <skipped/>
  </testcase> <!-- City_Energy_AddRow_PreviousYear_NextYear -->
  <testcase classname="com.arc.testCases.Project.CityPageTest" name="City_Energy_GHGEmission_Delete_Row" time="0.0">
    <skipped/>
  </testcase> <!-- City_Energy_GHGEmission_Delete_Row -->
  <testcase classname="com.arc.testCases.Project.CityPageTest" name="City_Energy_DetailsTab_Comments_Activity_Test" time="0.0">
    <skipped/>
  </testcase> <!-- City_Energy_DetailsTab_Comments_Activity_Test -->
  <testcase classname="com.arc.testCases.Project.CityPageTest" name="City_Energy_FilterTest" time="0.0">
    <skipped/>
  </testcase> <!-- City_Energy_FilterTest -->
  <testcase classname="com.arc.testCases.Project.CityPageTest" name="City_Water_DataAndDetails_Display" time="0.0">
    <skipped/>
  </testcase> <!-- City_Water_DataAndDetails_Display -->
  <testcase classname="com.arc.testCases.Project.CityPageTest" name="City_Water_Consum_AddYear_AddNewLine" time="0.0">
    <skipped/>
  </testcase> <!-- City_Water_Consum_AddYear_AddNewLine -->
  <testcase classname="com.arc.testCases.Project.CityPageTest" name="City_Water_Consum_SavePreviousYearData" time="0.0">
    <skipped/>
  </testcase> <!-- City_Water_Consum_SavePreviousYearData -->
  <testcase classname="com.arc.testCases.Project.CityPageTest" name="City_Water_AddRows_With_Gallons_Litres" time="0.0">
    <skipped/>
  </testcase> <!-- City_Water_AddRows_With_Gallons_Litres -->
  <testcase classname="com.arc.testCases.Project.CityPageTest" name="City_Water_Consum_CheckScore" time="0.0">
    <skipped/>
  </testcase> <!-- City_Water_Consum_CheckScore -->
  <testcase classname="com.arc.testCases.Project.CityPageTest" name="City_Water_AddRows_With_Duration_Types" time="0.0">
    <skipped/>
  </testcase> <!-- City_Water_AddRows_With_Duration_Types -->
  <testcase classname="com.arc.testCases.Project.CityPageTest" name="City_Water_AddRow_PreviousYear_NextYear" time="0.0">
    <skipped/>
  </testcase> <!-- City_Water_AddRow_PreviousYear_NextYear -->
  <testcase classname="com.arc.testCases.Project.CityPageTest" name="City_WaterConsum_Edit_Row" time="0.0">
    <skipped/>
  </testcase> <!-- City_WaterConsum_Edit_Row -->
  <testcase classname="com.arc.testCases.Project.CityPageTest" name="City_WaterConsum_Delete_Row" time="0.0">
    <skipped/>
  </testcase> <!-- City_WaterConsum_Delete_Row -->
  <testcase classname="com.arc.testCases.Project.CityPageTest" name="City_Water_Consumption_Comments_Activity_Test" time="0.0">
    <skipped/>
  </testcase> <!-- City_Water_Consumption_Comments_Activity_Test -->
  <testcase classname="com.arc.testCases.Project.CityPageTest" name="City_Water_FilterTest" time="0.0">
    <skipped/>
  </testcase> <!-- City_Water_FilterTest -->
  <testcase classname="com.arc.testCases.Project.CityPageTest" name="City_Waste_Gen_DataAndDetails_Display" time="0.0">
    <skipped/>
  </testcase> <!-- City_Waste_Gen_DataAndDetails_Display -->
  <testcase classname="com.arc.testCases.Project.CityPageTest" name="City_Waste_Generation_AddYear_AddNewLine" time="0.0">
    <skipped/>
  </testcase> <!-- City_Waste_Generation_AddYear_AddNewLine -->
  <testcase classname="com.arc.testCases.Project.CityPageTest" name="City_Waste_Generation_SavePreviousYearData" time="0.0">
    <skipped/>
  </testcase> <!-- City_Waste_Generation_SavePreviousYearData -->
  <testcase classname="com.arc.testCases.Project.CityPageTest" name="City_Waste_Generation_AddRow_PreviousYear_NextYear" time="0.0">
    <skipped/>
  </testcase> <!-- City_Waste_Generation_AddRow_PreviousYear_NextYear -->
  <testcase classname="com.arc.testCases.Project.CityPageTest" name="City_Waste_Generation_Edit_Row" time="0.0">
    <skipped/>
  </testcase> <!-- City_Waste_Generation_Edit_Row -->
  <testcase classname="com.arc.testCases.Project.CityPageTest" name="City_Waste_Generation_Delete_Row" time="0.0">
    <skipped/>
  </testcase> <!-- City_Waste_Generation_Delete_Row -->
  <testcase classname="com.arc.testCases.Project.CityPageTest" name="City_Waste_Generation_Comments_Activity_Test" time="0.0">
    <skipped/>
  </testcase> <!-- City_Waste_Generation_Comments_Activity_Test -->
  <testcase classname="com.arc.testCases.Project.CityPageTest" name="City_Waste_Generation_FilterTest" time="0.0">
    <skipped/>
  </testcase> <!-- City_Waste_Generation_FilterTest -->
  <testcase classname="com.arc.testCases.Project.CityPageTest" name="City_Waste_Diversion_DataAndDetails_Display" time="0.0">
    <skipped/>
  </testcase> <!-- City_Waste_Diversion_DataAndDetails_Display -->
  <testcase classname="com.arc.testCases.Project.CityPageTest" name="City_Waste_Diversion_AddYear_AddNewLine" time="0.0">
    <skipped/>
  </testcase> <!-- City_Waste_Diversion_AddYear_AddNewLine -->
  <testcase classname="com.arc.testCases.Project.CityPageTest" name="City_Waste_Diversion_CheckWithInvalidPercent" time="0.0">
    <skipped/>
  </testcase> <!-- City_Waste_Diversion_CheckWithInvalidPercent -->
  <testcase classname="com.arc.testCases.Project.CityPageTest" name="City_Waste_Diversion_SavePreviousYearData" time="0.0">
    <skipped/>
  </testcase> <!-- City_Waste_Diversion_SavePreviousYearData -->
  <testcase classname="com.arc.testCases.Project.CityPageTest" name="City_Waste_Diversion_AddRow_PreviousYear_NextYear" time="0.0">
    <skipped/>
  </testcase> <!-- City_Waste_Diversion_AddRow_PreviousYear_NextYear -->
  <testcase classname="com.arc.testCases.Project.CityPageTest" name="City_Waste_Diversion_Edit_Row" time="0.0">
    <skipped/>
  </testcase> <!-- City_Waste_Diversion_Edit_Row -->
  <testcase classname="com.arc.testCases.Project.CityPageTest" name="City_Waste_Diversion_Delete_Row" time="0.0">
    <skipped/>
  </testcase> <!-- City_Waste_Diversion_Delete_Row -->
  <testcase classname="com.arc.testCases.Project.CityPageTest" name="City_Waste_Score_SavePreviousYearDataForGenerationAndDiversion" time="0.0">
    <skipped/>
  </testcase> <!-- City_Waste_Score_SavePreviousYearDataForGenerationAndDiversion -->
  <testcase classname="com.arc.testCases.Project.CityPageTest" name="City_Waste_Diversion_Comments_Activity_Test" time="0.0">
    <skipped/>
  </testcase> <!-- City_Waste_Diversion_Comments_Activity_Test -->
  <testcase classname="com.arc.testCases.Project.CityPageTest" name="City_Waste_Diversion_FilterTest" time="0.0">
    <skipped/>
  </testcase> <!-- City_Waste_Diversion_FilterTest -->
  <testcase classname="com.arc.testCases.Project.CityPageTest" name="City_Transportation_VMT_With_DataAndDetails_Display" time="0.0">
    <skipped/>
  </testcase> <!-- City_Transportation_VMT_With_DataAndDetails_Display -->
  <testcase classname="com.arc.testCases.Project.CityPageTest" name="City_Transportation_VMT_AddYear_AddNewLine" time="0.0">
    <skipped/>
  </testcase> <!-- City_Transportation_VMT_AddYear_AddNewLine -->
  <testcase classname="com.arc.testCases.Project.CityPageTest" name="City_Transportation_SavePreviousYearData" time="0.0">
    <skipped/>
  </testcase> <!-- City_Transportation_SavePreviousYearData -->
  <testcase classname="com.arc.testCases.Project.CityPageTest" name="City_Transportation_CheckScore" time="0.0">
    <skipped/>
  </testcase> <!-- City_Transportation_CheckScore -->
  <testcase classname="com.arc.testCases.Project.CityPageTest" name="City_Transportation_VMT_AddRow_PreviousYear_NextYear" time="0.0">
    <skipped/>
  </testcase> <!-- City_Transportation_VMT_AddRow_PreviousYear_NextYear -->
  <testcase classname="com.arc.testCases.Project.CityPageTest" name="City_Transportation_Edit_Test" time="0.0">
    <skipped/>
  </testcase> <!-- City_Transportation_Edit_Test -->
  <testcase classname="com.arc.testCases.Project.CityPageTest" name="City_Transportation_VMT_Delete_Row" time="0.0">
    <skipped/>
  </testcase> <!-- City_Transportation_VMT_Delete_Row -->
  <testcase classname="com.arc.testCases.Project.CityPageTest" name="City_Transportation_VMT_FilterTest" time="0.0">
    <skipped/>
  </testcase> <!-- City_Transportation_VMT_FilterTest -->
  <testcase classname="com.arc.testCases.Project.CityPageTest" name="City_Transportation_VMT_Comments_Activity_Test" time="0.0">
    <skipped/>
  </testcase> <!-- City_Transportation_VMT_Comments_Activity_Test -->
  <testcase classname="com.arc.testCases.Project.CityPageTest" name="City_Health_Safety_With_DataAndDetails_Display" time="0.0">
    <skipped/>
  </testcase> <!-- City_Health_Safety_With_DataAndDetails_Display -->
  <testcase classname="com.arc.testCases.Project.CityPageTest" name="City_Health_Safety_AddYear_AddNewLine" time="0.0">
    <skipped/>
  </testcase> <!-- City_Health_Safety_AddYear_AddNewLine -->
  <testcase classname="com.arc.testCases.Project.CityPageTest" name="City_Health_Safety_CheckWithInvalidValue" time="0.0">
    <skipped/>
  </testcase> <!-- City_Health_Safety_CheckWithInvalidValue -->
  <testcase classname="com.arc.testCases.Project.CityPageTest" name="City_HealthAndSafety_SavePreviousYearData" time="0.0">
    <skipped/>
  </testcase> <!-- City_HealthAndSafety_SavePreviousYearData -->
  <testcase classname="com.arc.testCases.Project.CityPageTest" name="City_HealthAndSafety_AddRow_PreviousYear_NextYear" time="0.0">
    <skipped/>
  </testcase> <!-- City_HealthAndSafety_AddRow_PreviousYear_NextYear -->
  <testcase classname="com.arc.testCases.Project.CityPageTest" name="City_HealthAndSafety_Edit_Test" time="0.0">
    <skipped/>
  </testcase> <!-- City_HealthAndSafety_Edit_Test -->
  <testcase classname="com.arc.testCases.Project.CityPageTest" name="City_HealthAndSafety_Delete_Row" time="0.0">
    <skipped/>
  </testcase> <!-- City_HealthAndSafety_Delete_Row -->
  <testcase classname="com.arc.testCases.Project.CityPageTest" name="City_HealthAndSafey_FilterTest" time="0.0">
    <skipped/>
  </testcase> <!-- City_HealthAndSafey_FilterTest -->
  <testcase classname="com.arc.testCases.Project.CityPageTest" name="City_Education_Bachelor_Population_With_DataAndDetails_Display" time="0.0">
    <skipped/>
  </testcase> <!-- City_Education_Bachelor_Population_With_DataAndDetails_Display -->
  <testcase classname="com.arc.testCases.Project.CityPageTest" name="City_Education_Bachelor_Population_AddYear_AddNewLine" time="0.0">
    <skipped/>
  </testcase> <!-- City_Education_Bachelor_Population_AddYear_AddNewLine -->
  <testcase classname="com.arc.testCases.Project.CityPageTest" name="City_Education_Bachelor_Population_SaveWithInvalidPercent" time="0.0">
    <skipped/>
  </testcase> <!-- City_Education_Bachelor_Population_SaveWithInvalidPercent -->
  <testcase classname="com.arc.testCases.Project.CityPageTest" name="City_Education_Bachelor_Population_SavePreviousYearData" time="0.0">
    <skipped/>
  </testcase> <!-- City_Education_Bachelor_Population_SavePreviousYearData -->
  <testcase classname="com.arc.testCases.Project.CityPageTest" name="City_Education_Bachelor_Population_AddRow_PreviousYear_NextYear" time="0.0">
    <skipped/>
  </testcase> <!-- City_Education_Bachelor_Population_AddRow_PreviousYear_NextYear -->
  <testcase classname="com.arc.testCases.Project.CityPageTest" name="City_Education_Bachelor_Population_Edit_Test" time="0.0">
    <skipped/>
  </testcase> <!-- City_Education_Bachelor_Population_Edit_Test -->
  <testcase classname="com.arc.testCases.Project.CityPageTest" name="City_Education_Bachelor_Population_Delete_Row" time="0.001">
    <skipped/>
  </testcase> <!-- City_Education_Bachelor_Population_Delete_Row -->
  <testcase classname="com.arc.testCases.Project.CityPageTest" name="City_Education_Bachelor_Population_FilterTest" time="0.0">
    <skipped/>
  </testcase> <!-- City_Education_Bachelor_Population_FilterTest -->
  <testcase classname="com.arc.testCases.Project.CityPageTest" name="City_Equitability_Gini_Coefficient_With_DataAndDetails_Display" time="0.0">
    <skipped/>
  </testcase> <!-- City_Equitability_Gini_Coefficient_With_DataAndDetails_Display -->
  <testcase classname="com.arc.testCases.Project.CityPageTest" name="City_Equitability_Gini_Coefficient_AddYear_AddNewLine" time="0.0">
    <skipped/>
  </testcase> <!-- City_Equitability_Gini_Coefficient_AddYear_AddNewLine -->
  <testcase classname="com.arc.testCases.Project.CityPageTest" name="City_Equitability_Gini_Coefficient_SaveWithInvalidValue" time="0.0">
    <skipped/>
  </testcase> <!-- City_Equitability_Gini_Coefficient_SaveWithInvalidValue -->
  <testcase classname="com.arc.testCases.Project.CityPageTest" name="City_Equitability_Gini_Coefficient_SavePreviousYearData" time="0.0">
    <skipped/>
  </testcase> <!-- City_Equitability_Gini_Coefficient_SavePreviousYearData -->
  <testcase classname="com.arc.testCases.Project.CityPageTest" name="City_Equitability_Gini_Coefficient_AddRow_PreviousYear_NextYear" time="0.0">
    <skipped/>
  </testcase> <!-- City_Equitability_Gini_Coefficient_AddRow_PreviousYear_NextYear -->
  <testcase classname="com.arc.testCases.Project.CityPageTest" name="City_Equitability_Gini_Coefficient_Edit_Test" time="0.0">
    <skipped/>
  </testcase> <!-- City_Equitability_Gini_Coefficient_Edit_Test -->
  <testcase classname="com.arc.testCases.Project.CityPageTest" name="City_Equitability_Gini_Coefficient_Delete_Row" time="0.0">
    <skipped/>
  </testcase> <!-- City_Equitability_Gini_Coefficient_Delete_Row -->
  <testcase classname="com.arc.testCases.Project.CityPageTest" name="City_Equitability_Gini_Coefficient_FilterTest" time="0.0">
    <skipped/>
  </testcase> <!-- City_Equitability_Gini_Coefficient_FilterTest -->
  <testcase classname="com.arc.testCases.Project.CityPageTest" name="City_Education_HighSchoolPopulation_With_DataAndDetails_Display" time="0.0">
    <skipped/>
  </testcase> <!-- City_Education_HighSchoolPopulation_With_DataAndDetails_Display -->
  <testcase classname="com.arc.testCases.Project.CityPageTest" name="City_Education_HighSchoolPopulation_AddYear_AddNewLine" time="0.0">
    <skipped/>
  </testcase> <!-- City_Education_HighSchoolPopulation_AddYear_AddNewLine -->
  <testcase classname="com.arc.testCases.Project.CityPageTest" name="City_Education_HighSchoolPopulation_SaveWithInvalidPercent" time="0.0">
    <skipped/>
  </testcase> <!-- City_Education_HighSchoolPopulation_SaveWithInvalidPercent -->
  <testcase classname="com.arc.testCases.Project.CityPageTest" name="City_Education_HighSchoolPopulation_SavePreviousYearData" time="0.0">
    <skipped/>
  </testcase> <!-- City_Education_HighSchoolPopulation_SavePreviousYearData -->
  <testcase classname="com.arc.testCases.Project.CityPageTest" name="City_Education_HighSchoolPopulation_AddRow_PreviousYear_NextYear" time="0.0">
    <skipped/>
  </testcase> <!-- City_Education_HighSchoolPopulation_AddRow_PreviousYear_NextYear -->
  <testcase classname="com.arc.testCases.Project.CityPageTest" name="City_Education_HighSchoolPopulation_Edit_Test" time="0.0">
    <skipped/>
  </testcase> <!-- City_Education_HighSchoolPopulation_Edit_Test -->
  <testcase classname="com.arc.testCases.Project.CityPageTest" name="City_Education_HighSchoolPopulation_Delete_Row" time="0.0">
    <skipped/>
  </testcase> <!-- City_Education_HighSchoolPopulation_Delete_Row -->
  <testcase classname="com.arc.testCases.Project.CityPageTest" name="City_Education_HighSchoolPopulation_FilterTest" time="0.0">
    <skipped/>
  </testcase> <!-- City_Education_HighSchoolPopulation_FilterTest -->
  <testcase classname="com.arc.testCases.Project.CityPageTest" name="City_ProsperityMedianIncome_With_DataAndDetails_Display" time="0.0">
    <skipped/>
  </testcase> <!-- City_ProsperityMedianIncome_With_DataAndDetails_Display -->
  <testcase classname="com.arc.testCases.Project.CityPageTest" name="City_ProsperityMedianIncome_AddYear_AddNewLine" time="0.0">
    <skipped/>
  </testcase> <!-- City_ProsperityMedianIncome_AddYear_AddNewLine -->
  <testcase classname="com.arc.testCases.Project.CityPageTest" name="City_ProsperityMedianIncome_SavePreviousYearData" time="0.0">
    <skipped/>
  </testcase> <!-- City_ProsperityMedianIncome_SavePreviousYearData -->
  <testcase classname="com.arc.testCases.Project.CityPageTest" name="City_ProsperityMedianIncome_AddRow_PreviousYear_NextYear" time="0.0">
    <skipped/>
  </testcase> <!-- City_ProsperityMedianIncome_AddRow_PreviousYear_NextYear -->
  <testcase classname="com.arc.testCases.Project.CityPageTest" name="City_ProsperityMedianIncome_Edit_Test" time="0.0">
    <skipped/>
  </testcase> <!-- City_ProsperityMedianIncome_Edit_Test -->
  <testcase classname="com.arc.testCases.Project.CityPageTest" name="City_ProsperityMedianIncome_Delete_Row" time="0.0">
    <skipped/>
  </testcase> <!-- City_ProsperityMedianIncome_Delete_Row -->
  <testcase classname="com.arc.testCases.Project.CityPageTest" name="City_ProsperityMedianIncome_FilterTest" time="0.0">
    <skipped/>
  </testcase> <!-- City_ProsperityMedianIncome_FilterTest -->
  <testcase classname="com.arc.testCases.Project.CityPageTest" name="City_Equitability_MedianGrossIncome_With_DataAndDetails_Display" time="0.0">
    <skipped/>
  </testcase> <!-- City_Equitability_MedianGrossIncome_With_DataAndDetails_Display -->
  <testcase classname="com.arc.testCases.Project.CityPageTest" name="City_Equitability_MedianGrossIncome_AddYear_AddNewLine" time="0.0">
    <skipped/>
  </testcase> <!-- City_Equitability_MedianGrossIncome_AddYear_AddNewLine -->
  <testcase classname="com.arc.testCases.Project.CityPageTest" name="City_Equitability_MedianGrossIncome_SaveWithInvalidPercent" time="0.0">
    <skipped/>
  </testcase> <!-- City_Equitability_MedianGrossIncome_SaveWithInvalidPercent -->
  <testcase classname="com.arc.testCases.Project.CityPageTest" name="City_Equitability_MedianGrossIncome_SavePreviousYearData" time="0.0">
    <skipped/>
  </testcase> <!-- City_Equitability_MedianGrossIncome_SavePreviousYearData -->
  <testcase classname="com.arc.testCases.Project.CityPageTest" name="City_Equitability_MedianGrossIncome_AddRow_PreviousYear_NextYear" time="0.0">
    <skipped/>
  </testcase> <!-- City_Equitability_MedianGrossIncome_AddRow_PreviousYear_NextYear -->
  <testcase classname="com.arc.testCases.Project.CityPageTest" name="City_Equitability_MedianGrossIncome_Edit_Test" time="0.0">
    <skipped/>
  </testcase> <!-- City_Equitability_MedianGrossIncome_Edit_Test -->
  <testcase classname="com.arc.testCases.Project.CityPageTest" name="City_Equitability_MedianGrossIncome_Delete_Row" time="0.0">
    <skipped/>
  </testcase> <!-- City_Equitability_MedianGrossIncome_Delete_Row -->
  <testcase classname="com.arc.testCases.Project.CityPageTest" name="City_Equitability_MedianGrossIncome_FilterTest" time="0.0">
    <skipped/>
  </testcase> <!-- City_Equitability_MedianGrossIncome_FilterTest -->
  <testcase classname="com.arc.testCases.Project.CityPageTest" name="City_ProsperityUnemployementRate_With_DataAndDetails_Display" time="0.0">
    <skipped/>
  </testcase> <!-- City_ProsperityUnemployementRate_With_DataAndDetails_Display -->
  <testcase classname="com.arc.testCases.Project.CityPageTest" name="City_ProsperityUnemployementRate_AddYear_AddNewLine" time="0.0">
    <skipped/>
  </testcase> <!-- City_ProsperityUnemployementRate_AddYear_AddNewLine -->
  <testcase classname="com.arc.testCases.Project.CityPageTest" name="City_ProsperityUnemployementRate_SaveWithInvalidPercent" time="0.0">
    <skipped/>
  </testcase> <!-- City_ProsperityUnemployementRate_SaveWithInvalidPercent -->
  <testcase classname="com.arc.testCases.Project.CityPageTest" name="City_ProsperityUnemployementRate_SavePreviousYearData" time="0.0">
    <skipped/>
  </testcase> <!-- City_ProsperityUnemployementRate_SavePreviousYearData -->
  <testcase classname="com.arc.testCases.Project.CityPageTest" name="City_ProsperityUnemployementRate_AddRow_PreviousYear_NextYear" time="0.0">
    <skipped/>
  </testcase> <!-- City_ProsperityUnemployementRate_AddRow_PreviousYear_NextYear -->
  <testcase classname="com.arc.testCases.Project.CityPageTest" name="City_ProsperityUnemployementRate_Edit_Test" time="0.0">
    <skipped/>
  </testcase> <!-- City_ProsperityUnemployementRate_Edit_Test -->
  <testcase classname="com.arc.testCases.Project.CityPageTest" name="City_ProsperityUnemployementRate_Delete_Row" time="0.0">
    <skipped/>
  </testcase> <!-- City_ProsperityUnemployementRate_Delete_Row -->
  <testcase classname="com.arc.testCases.Project.CityPageTest" name="City_ProsperityUnemployementRate_FilterTest" time="0.001">
    <skipped/>
  </testcase> <!-- City_ProsperityUnemployementRate_FilterTest -->
  <testcase classname="com.arc.testCases.Project.CityPageTest" name="City_HealthAndSafetySensitiveGroup_With_DataAndDetails_Display" time="0.0">
    <skipped/>
  </testcase> <!-- City_HealthAndSafetySensitiveGroup_With_DataAndDetails_Display -->
  <testcase classname="com.arc.testCases.Project.CityPageTest" name="City_HealthAndSafetySensitiveGroup_AddYear_AddNewLine" time="0.0">
    <skipped/>
  </testcase> <!-- City_HealthAndSafetySensitiveGroup_AddYear_AddNewLine -->
  <testcase classname="com.arc.testCases.Project.CityPageTest" name="City_HealthAndSafetySensitiveGroup_SaveWithInvalidValue" time="0.0">
    <skipped/>
  </testcase> <!-- City_HealthAndSafetySensitiveGroup_SaveWithInvalidValue -->
  <testcase classname="com.arc.testCases.Project.CityPageTest" name="City_HealthAndSafetySensitiveGroup_SavePreviousYearData" time="0.0">
    <skipped/>
  </testcase> <!-- City_HealthAndSafetySensitiveGroup_SavePreviousYearData -->
  <testcase classname="com.arc.testCases.Project.CityPageTest" name="City_HealthAndSafetySensitiveGroup_AddRow_PreviousYear_NextYear" time="0.0">
    <skipped/>
  </testcase> <!-- City_HealthAndSafetySensitiveGroup_AddRow_PreviousYear_NextYear -->
  <testcase classname="com.arc.testCases.Project.CityPageTest" name="City_HealthAndSafetySensitiveGroup_Edit_Test" time="0.0">
    <skipped/>
  </testcase> <!-- City_HealthAndSafetySensitiveGroup_Edit_Test -->
  <testcase classname="com.arc.testCases.Project.CityPageTest" name="City_HealthAndSafetySensitiveGroup_Delete_Row" time="0.0">
    <skipped/>
  </testcase> <!-- City_HealthAndSafetySensitiveGroup_Delete_Row -->
  <testcase classname="com.arc.testCases.Project.CityPageTest" name="City_HealthAndSafetySensitiveGroup_FilterTest" time="0.0">
    <skipped/>
  </testcase> <!-- City_HealthAndSafetySensitiveGroup_FilterTest -->
  <testcase classname="com.arc.testCases.Project.CityPageTest" name="City_HealthAndSafetyVoilentCrime_With_DataAndDetails_Display" time="0.0">
    <skipped/>
  </testcase> <!-- City_HealthAndSafetyVoilentCrime_With_DataAndDetails_Display -->
  <testcase classname="com.arc.testCases.Project.CityPageTest" name="City_HealthAndSafetyVoilentCrime_AddYear_AddNewLine" time="0.0">
    <skipped/>
  </testcase> <!-- City_HealthAndSafetyVoilentCrime_AddYear_AddNewLine -->
  <testcase classname="com.arc.testCases.Project.CityPageTest" name="City_HealthAndSafetyVoilentCrime_SavePreviousYearData" time="0.0">
    <skipped/>
  </testcase> <!-- City_HealthAndSafetyVoilentCrime_SavePreviousYearData -->
  <testcase classname="com.arc.testCases.Project.CityPageTest" name="City_HealthAndSafetyVoilentCrime_AddRow_PreviousYear_NextYear" time="0.0">
    <skipped/>
  </testcase> <!-- City_HealthAndSafetyVoilentCrime_AddRow_PreviousYear_NextYear -->
  <testcase classname="com.arc.testCases.Project.CityPageTest" name="City_HealthAndSafetyVoilentCrime_Edit_Test" time="0.0">
    <skipped/>
  </testcase> <!-- City_HealthAndSafetyVoilentCrime_Edit_Test -->
  <testcase classname="com.arc.testCases.Project.CityPageTest" name="City_HealthAndSafetyVoilentCrime_Delete_Row" time="0.0">
    <skipped/>
  </testcase> <!-- City_HealthAndSafetyVoilentCrime_Delete_Row -->
  <testcase classname="com.arc.testCases.Project.CityPageTest" name="City_HealthAndSafetyVoilentCrime_FilterTest" time="0.0">
    <skipped/>
  </testcase> <!-- City_HealthAndSafetyVoilentCrime_FilterTest -->
  <testcase classname="com.arc.testCases.Project.CityPageTest" name="City_Check_QualityOfLife_Score" time="0.0">
    <skipped/>
  </testcase> <!-- City_Check_QualityOfLife_Score -->
  <testcase classname="com.arc.testCases.Project.CityPageTest" name="City_ManageProject_CheckYearRange" time="0.0">
    <skipped/>
  </testcase> <!-- City_ManageProject_CheckYearRange -->
  <testcase classname="com.arc.testCases.Project.CityPageTest" name="City_ManageProject_CheckEntityFields" time="0.0">
    <skipped/>
  </testcase> <!-- City_ManageProject_CheckEntityFields -->
  <testcase classname="com.arc.testCases.Project.CityPageTest" name="City_ManageProject_SelectCountryAndState" time="0.0">
    <skipped/>
  </testcase> <!-- City_ManageProject_SelectCountryAndState -->
  <testcase classname="com.arc.testCases.Project.CityPageTest" name="City_ManageProject_PrivateRadioButton_IntendToPrecertify" time="0.0">
    <skipped/>
  </testcase> <!-- City_ManageProject_PrivateRadioButton_IntendToPrecertify -->
  <testcase classname="com.arc.testCases.Project.CityPageTest" name="City_ManageTeam_CheckDefaultARCAdministrator" time="0.0">
    <skipped/>
  </testcase> <!-- City_ManageTeam_CheckDefaultARCAdministrator -->
  <testcase classname="com.arc.testCases.Project.CityPageTest" name="City_ManageTeam_CheckAddNewTeamMember" time="0.0">
    <skipped/>
  </testcase> <!-- City_ManageTeam_CheckAddNewTeamMember -->
  <testcase classname="com.arc.testCases.Project.CityPageTest" name="City_ManageTeam_CheckAddUnregisteredTeamMember" time="0.0">
    <skipped/>
  </testcase> <!-- City_ManageTeam_CheckAddUnregisteredTeamMember -->
  <testcase classname="com.arc.testCases.Project.CityPageTest" name="City_ManageTeam_AddExistingTeamMember" time="0.0">
    <skipped/>
  </testcase> <!-- City_ManageTeam_AddExistingTeamMember -->
  <testcase classname="com.arc.testCases.Project.CityPageTest" name="City_ManageTeam_EditARCAdministratorRole" time="0.0">
    <skipped/>
  </testcase> <!-- City_ManageTeam_EditARCAdministratorRole -->
  <testcase classname="com.arc.testCases.Project.CityPageTest" name="City_ManageTeam_TeamAddEditMember" time="0.0">
    <skipped/>
  </testcase> <!-- City_ManageTeam_TeamAddEditMember -->
  <testcase classname="com.arc.testCases.Project.CityPageTest" name="City_ManageTeam_TeamAddRemoveMember" time="0.0">
    <skipped/>
  </testcase> <!-- City_ManageTeam_TeamAddRemoveMember -->
  <testcase classname="com.arc.testCases.Project.CityPageTest" name="City_ManageTeam_HowTeamRolesWorkTooltip" time="0.0">
    <skipped/>
  </testcase> <!-- City_ManageTeam_HowTeamRolesWorkTooltip -->
  <testcase classname="com.arc.testCases.Project.CityPageTest" name="City_Agreement_CheckAgreement" time="0.0">
    <skipped/>
  </testcase> <!-- City_Agreement_CheckAgreement -->
  <testcase classname="com.arc.testCases.Project.CityPageTest" name="City_Agreement_CheckDownloadAgreement" time="0.0">
    <skipped/>
  </testcase> <!-- City_Agreement_CheckDownloadAgreement -->
  <testcase classname="com.arc.testCases.Project.CityPageTest" name="City_Settings_DataResourceLinks" time="0.0">
    <skipped/>
  </testcase> <!-- City_Settings_DataResourceLinks -->
  <testcase classname="com.arc.testCases.Project.CityPageTest" name="City_ScoreVersion" time="0.0">
    <skipped/>
  </testcase> <!-- City_ScoreVersion -->
  <testcase classname="com.arc.testBase.BaseClass" name="@BeforeTest initializtion" time="0.0">
    <ignored/>
  </testcase> <!-- @BeforeTest initializtion -->
  <testcase classname="com.arc.testCases.Project.CityPageTest" name="City_Settings_ScoreAnimationToggleButton" time="0.0">
    <ignored/>
  </testcase> <!-- City_Settings_ScoreAnimationToggleButton -->
  <testcase classname="com.arc.testCases.Project.CityPageTest" name="City_HealthAndSafety_Comments_Activity_Test" time="0.0">
    <ignored/>
  </testcase> <!-- City_HealthAndSafety_Comments_Activity_Test -->
  <testcase classname="com.arc.testCases.Project.CityPageTest" name="City_City_HealthAndSafetySensitiveGroup_Comments_Activity_Test" time="0.0">
    <ignored/>
  </testcase> <!-- City_City_HealthAndSafetySensitiveGroup_Comments_Activity_Test -->
  <testcase classname="com.arc.testCases.Project.CityPageTest" name="City_Energy_DetailsTab_Graph_Test" time="0.0">
    <ignored/>
  </testcase> <!-- City_Energy_DetailsTab_Graph_Test -->
  <testcase classname="com.arc.testCases.Project.CityPageTest" name="City_WasteGeneration_DetailsTab_Graph_Test" time="0.0">
    <ignored/>
  </testcase> <!-- City_WasteGeneration_DetailsTab_Graph_Test -->
  <testcase classname="com.arc.testCases.Project.CityPageTest" name="City_ManageProject_TargetCertificationDate" time="0.0">
    <ignored/>
  </testcase> <!-- City_ManageProject_TargetCertificationDate -->
  <testcase classname="com.arc.testCases.Project.CityPageTest" name="City_AdditionalData_SaveRecords" time="0.0">
    <ignored/>
  </testcase> <!-- City_AdditionalData_SaveRecords -->
  <testcase classname="com.arc.testCases.Project.CityPageTest" name="City_ProsperityMedianIncome_Comments_Activity_Test" time="0.0">
    <ignored/>
  </testcase> <!-- City_ProsperityMedianIncome_Comments_Activity_Test -->
  <testcase classname="com.arc.testCases.Project.CityPageTest" name="City_ProsperityUnemployementRate_Comments_Activity_Test" time="0.0">
    <ignored/>
  </testcase> <!-- City_ProsperityUnemployementRate_Comments_Activity_Test -->
  <testcase classname="com.arc.testBase.BaseClass" name="@AfterTest closeBrowser" time="0.0">
    <ignored/>
  </testcase> <!-- @AfterTest closeBrowser -->
  <testcase classname="com.arc.testCases.Project.CityPageTest" name="City_Equitability_MedianGrossIncome_Comments_Activity_Test" time="0.0">
    <ignored/>
  </testcase> <!-- City_Equitability_MedianGrossIncome_Comments_Activity_Test -->
  <testcase classname="com.arc.testCases.Project.CityPageTest" name="City_HealthAndSafetyVoilentCrime_Comments_Activity_Test" time="0.0">
    <ignored/>
  </testcase> <!-- City_HealthAndSafetyVoilentCrime_Comments_Activity_Test -->
  <testcase classname="com.arc.testCases.Project.CityPageTest" name="City_Transportation_DetailsTab_Graph_Test" time="0.0">
    <ignored/>
  </testcase> <!-- City_Transportation_DetailsTab_Graph_Test -->
  <testcase classname="com.arc.testCases.Project.CityPageTest" name="City_Equitability_Gini_Coefficient_Comments_Activity_Test" time="0.0">
    <ignored/>
  </testcase> <!-- City_Equitability_Gini_Coefficient_Comments_Activity_Test -->
  <testcase classname="com.arc.testCases.Project.CityPageTest" name="City_Water_DetailsTab_Graph_Test" time="0.0">
    <ignored/>
  </testcase> <!-- City_Water_DetailsTab_Graph_Test -->
  <testcase classname="com.arc.testCases.Project.CityPageTest" name="City_WasteDiversion_DetailsTab_Graph_Test" time="0.0">
    <ignored/>
  </testcase> <!-- City_WasteDiversion_DetailsTab_Graph_Test -->
  <testcase classname="com.arc.testCases.Project.CityPageTest" name="City_Education_Bachelor_Population_Comments_Activity_Test" time="0.0">
    <ignored/>
  </testcase> <!-- City_Education_Bachelor_Population_Comments_Activity_Test -->
  <testcase classname="com.arc.testCases.Project.CityPageTest" name="City_Equitability_Gini_Coefficient_Comments_Activity_Test1" time="0.0">
    <ignored/>
  </testcase> <!-- City_Equitability_Gini_Coefficient_Comments_Activity_Test1 -->
</testsuite> <!-- Default test -->
