2022-05-06 13:05:83 INFO  ExtentReportListener :34 - Extent Report onStart method started......
2022-05-06 13:05:262 INFO  ExtentReportListener :46 -ARC Essential School Regression Suite 
2022-05-06 13:05:263 INFO  ExtentReportListener :47 - Extent Report onStart method ends......
2022-05-06 13:05:276 INFO  BaseClass :82 -Initialization method started
2022-05-06 13:05:278 INFO  BaseClass :89 -Test Suite File is ---null
2022-05-06 13:05:122 INFO  CommonMethod :740 -deleteALlDownloadedFiles method starts here ......
2022-05-06 13:05:123 INFO  CommonMethod :742 -Directory path is C:\Arc_Automation\Arc-Automation-QA\DownLoadedFiles
2022-05-06 13:05:124 INFO  CommonMethod :761 -There is no any file/folder(s).....
2022-05-06 13:05:124 INFO  CommonMethod :762 -deleteALlDownloadedFiles method ends here ......
2022-05-06 13:05:125 INFO  BaseClass :121 -Opearting System is --Windows 10
2022-05-06 13:05:126 INFO  BaseClass :126 -DownloadFolder path is --DownLoadedFiles\f39a59ba-2557-4866-b6a3-2de5f23df1ca
2022-05-06 13:05:203 INFO  BaseClass :148 -Chrome EXE file path is --C:\Arc_Automation\Arc-Automation-QA/DriverFiles/chromedriver.exe
2022-05-06 13:05:196 INFO  BaseClass :155 -Chrome browser launched successfully
2022-05-06 13:05:335 INFO  WaitHelper :24 -Implicit wait has been set to  .. 50
2022-05-06 13:05:375 INFO  WaitHelper :141 -Page is loaded
2022-05-06 13:05:375 INFO  BaseClass :187 -Environment Name is ---null
2022-05-06 13:05:378 INFO  BaseClass :199 -Environment is not provided or wrong environment entered......
2022-05-06 13:05:530 INFO  BaseClass :202 -URL navigated to .. https://stg.arconline.io/
2022-05-06 13:05:603 INFO  BaseClass :206 -Initialization method ends
2022-05-06 13:05:747 INFO  LoginPageTest :48 -LoginApplicationTest started
2022-05-06 13:05:146 INFO  WaitHelper :63 -Waiting for Element for [[ChromeDriver: chrome on WINDOWS (73243db5147b382c2c5cb1eeff1c63ff)] -> xpath: //button[@class='agree-button']]  for  50  seconds
2022-05-06 13:05:352 INFO  WaitHelper :66 -Element is clickable now
2022-05-06 13:05:530 INFO  WaitHelper :63 -Waiting for Element for [[ChromeDriver: chrome on WINDOWS (73243db5147b382c2c5cb1eeff1c63ff)] -> xpath: //*[@id='login-box-trigger-lg']]  for  50  seconds
2022-05-06 13:05:636 INFO  WaitHelper :66 -Element is clickable now
2022-05-06 13:05:838 INFO  WaitHelper :63 -Waiting for Element for [[ChromeDriver: chrome on WINDOWS (73243db5147b382c2c5cb1eeff1c63ff)] -> xpath: //button[@class='btn accept_and_close_btn']]  for  50  seconds
2022-05-06 13:05:900 INFO  WaitHelper :66 -Element is clickable now
2022-05-06 13:05:414 INFO  WaitHelper :63 -Waiting for Element for [[ChromeDriver: chrome on WINDOWS (73243db5147b382c2c5cb1eeff1c63ff)] -> xpath: //button[@type='submit'][text()='Log In']]  for  50  seconds
2022-05-06 13:05:485 INFO  WaitHelper :66 -Element is clickable now
2022-05-06 13:05:515 INFO  LoginPageTest :52 -LoginApplicationTest completed
2022-05-06 13:05:520 INFO  ExtentReportListener :55 - Extent Report onTestSuccess method started......
2022-05-06 13:05:536 INFO  ExtentReportListener :61 -Login_ApplicationTest method got success...
2022-05-06 13:05:537 INFO  ExtentReportListener :62 - Extent Report onTestSuccess method ends......
2022-05-06 13:05:540 INFO  ProjectRegistrationPageTest :23 -ProjectName_With_Valid_SpecialCharacters method started ........... 
2022-05-06 13:05:547 INFO  CommonMethod :813 -switchToDefaultContent method starts here......
2022-05-06 13:05:556 INFO  CommonMethod :815 -switchToDefaultContent method ends here......
2022-05-06 13:05:485 INFO  ProjectRegistrationPageTest :47 -ProjectName_With_Valid_SpecialCharacters method ends here ........... 
2022-05-06 13:05:490 INFO  ExtentReportListener :55 - Extent Report onTestSuccess method started......
2022-05-06 13:05:492 INFO  ExtentReportListener :61 -ProjectName_With_Valid_SpecialCharacters method got success...
2022-05-06 13:05:493 INFO  ExtentReportListener :62 - Extent Report onTestSuccess method ends......
2022-05-06 13:05:497 INFO  ProjectRegistrationPageTest :55 -ProjectName_With_Invalid_SpecialCharacters method started ........... 
2022-05-06 13:05:826 INFO  CommonMethod :813 -switchToDefaultContent method starts here......
2022-05-06 13:05:836 INFO  CommonMethod :815 -switchToDefaultContent method ends here......
2022-05-06 13:05:677 INFO  ProjectRegistrationPageTest :80 -ProjectName_With_Invalid_SpecialCharacters method ends here ........... 
2022-05-06 13:05:680 INFO  ExtentReportListener :55 - Extent Report onTestSuccess method started......
2022-05-06 13:05:681 INFO  ExtentReportListener :61 -ProjectName_With_Invalid_SpecialCharacters method got success...
2022-05-06 13:05:682 INFO  ExtentReportListener :62 - Extent Report onTestSuccess method ends......
2022-05-06 13:05:683 INFO  ProjectRegistrationPageTest :4607 -ProjectRegistration_SchoolsGrossArea_Valid_20499999_SQ_Feet method started ........... 
2022-05-06 13:05:959 INFO  CommonMethod :813 -switchToDefaultContent method starts here......
2022-05-06 13:05:964 INFO  CommonMethod :815 -switchToDefaultContent method ends here......
2022-05-06 13:05:543 INFO  WaitHelper :63 -Waiting for Element for [[ChromeDriver: chrome on WINDOWS (73243db5147b382c2c5cb1eeff1c63ff)] -> xpath: (//*[@class='ml10' and text()='Schools'])[1]]  for  50  seconds
2022-05-06 13:05:612 INFO  WaitHelper :66 -Element is clickable now
2022-05-06 13:05:990 INFO  WaitHelper :63 -Waiting for Element for [[ChromeDriver: chrome on WINDOWS (73243db5147b382c2c5cb1eeff1c63ff)] -> xpath: (//*[@class='ml10' and text()='Schools'])[1]]  for  50  seconds
2022-05-06 13:05:41 INFO  WaitHelper :66 -Element is clickable now
2022-05-06 13:05:404 INFO  WaitHelper :48 -Waiting for Element for [[ChromeDriver: chrome on WINDOWS (73243db5147b382c2c5cb1eeff1c63ff)] -> xpath: //table[contains(@class,'arcTbl')]/tbody]  for  50  seconds
2022-05-06 13:05:440 INFO  WaitHelper :51 -Element is visible now
2022-05-06 13:05:922 INFO  WaitHelper :38 -Dropdown value selected by Visible Text.. square feet
2022-05-06 13:05:329 INFO  ProjectRegistrationPageTest :4636 -ProjectRegistration_SchoolsGrossArea_Valid_20499999_SQ_Feet method ends here ........... 
2022-05-06 13:05:335 INFO  ExtentReportListener :55 - Extent Report onTestSuccess method started......
2022-05-06 13:05:337 INFO  ExtentReportListener :61 -ProjectRegistration_SchoolGrossArea_Valid_20499999_SQ_Feet method got success...
2022-05-06 13:05:338 INFO  ExtentReportListener :62 - Extent Report onTestSuccess method ends......
2022-05-06 13:05:342 INFO  ProjectRegistrationPageTest :4649 -ProjectRegistration_SchoolsGrossArea_Invalid_20500000_SQ_Feet method started ........... 
2022-05-06 13:05:780 INFO  CommonMethod :813 -switchToDefaultContent method starts here......
2022-05-06 13:05:789 INFO  CommonMethod :815 -switchToDefaultContent method ends here......
2022-05-06 13:05:589 INFO  WaitHelper :63 -Waiting for Element for [[ChromeDriver: chrome on WINDOWS (73243db5147b382c2c5cb1eeff1c63ff)] -> xpath: (//*[@class='ml10' and text()='Schools'])[1]]  for  50  seconds
2022-05-06 13:05:655 INFO  WaitHelper :66 -Element is clickable now
2022-05-06 13:05:898 INFO  WaitHelper :63 -Waiting for Element for [[ChromeDriver: chrome on WINDOWS (73243db5147b382c2c5cb1eeff1c63ff)] -> xpath: (//*[@class='ml10' and text()='Schools'])[1]]  for  50  seconds
2022-05-06 13:05:978 INFO  WaitHelper :66 -Element is clickable now
2022-05-06 13:05:670 INFO  WaitHelper :48 -Waiting for Element for [[ChromeDriver: chrome on WINDOWS (73243db5147b382c2c5cb1eeff1c63ff)] -> xpath: //table[contains(@class,'arcTbl')]/tbody]  for  50  seconds
2022-05-06 13:05:697 INFO  WaitHelper :51 -Element is visible now
2022-05-06 13:05:160 INFO  WaitHelper :38 -Dropdown value selected by Visible Text.. square feet
2022-05-06 13:05:517 INFO  ProjectRegistrationPageTest :4678 -ProjectRegistration_SchoolsGrossArea_Invalid_20500000_SQ_Feet method ends here ........... 
2022-05-06 13:05:520 INFO  ExtentReportListener :55 - Extent Report onTestSuccess method started......
2022-05-06 13:05:522 INFO  ExtentReportListener :61 -ProjectRegistration_SchoolsGrossArea_Invalid_20500000_SQ_Feet method got success...
2022-05-06 13:05:522 INFO  ExtentReportListener :62 - Extent Report onTestSuccess method ends......
2022-05-06 13:05:524 INFO  ProjectRegistrationPageTest :4688 -ProjectRegistration_SchoolsGrossArea_Valid_1904514_SQ_MT method started ........... 
2022-05-06 13:05:910 INFO  CommonMethod :813 -switchToDefaultContent method starts here......
2022-05-06 13:05:913 INFO  CommonMethod :815 -switchToDefaultContent method ends here......
2022-05-06 13:05:527 INFO  WaitHelper :63 -Waiting for Element for [[ChromeDriver: chrome on WINDOWS (73243db5147b382c2c5cb1eeff1c63ff)] -> xpath: (//*[@class='ml10' and text()='Schools'])[1]]  for  50  seconds
2022-05-06 13:05:592 INFO  WaitHelper :66 -Element is clickable now
2022-05-06 13:05:906 INFO  WaitHelper :63 -Waiting for Element for [[ChromeDriver: chrome on WINDOWS (73243db5147b382c2c5cb1eeff1c63ff)] -> xpath: (//*[@class='ml10' and text()='Schools'])[1]]  for  50  seconds
2022-05-06 13:05:955 INFO  WaitHelper :66 -Element is clickable now
2022-05-06 13:05:33 INFO  WaitHelper :48 -Waiting for Element for [[ChromeDriver: chrome on WINDOWS (73243db5147b382c2c5cb1eeff1c63ff)] -> xpath: //table[contains(@class,'arcTbl')]/tbody]  for  50  seconds
2022-05-06 13:05:61 INFO  WaitHelper :51 -Element is visible now
2022-05-06 13:05:452 INFO  WaitHelper :38 -Dropdown value selected by Visible Text.. square meters
2022-05-06 13:05:856 INFO  ProjectRegistrationPageTest :4718 -ProjectRegistration_SchoolsGrossArea_Valid_1904514_SQ_MT method ends here ........... 
2022-05-06 13:05:860 INFO  ExtentReportListener :55 - Extent Report onTestSuccess method started......
2022-05-06 13:05:863 INFO  ExtentReportListener :61 -ProjectRegistration_SchoolsGrossArea_Valid_1904514_SQ_MT method got success...
2022-05-06 13:05:863 INFO  ExtentReportListener :62 - Extent Report onTestSuccess method ends......
2022-05-06 13:05:868 INFO  ProjectRegistrationPageTest :4728 -ProjectRegistration_SchoolsGrossArea_Invalid_1904515_SQ_MT method started ........... 
2022-05-06 13:05:298 INFO  CommonMethod :813 -switchToDefaultContent method starts here......
2022-05-06 13:05:302 INFO  CommonMethod :815 -switchToDefaultContent method ends here......
2022-05-06 13:05:46 INFO  WaitHelper :63 -Waiting for Element for [[ChromeDriver: chrome on WINDOWS (73243db5147b382c2c5cb1eeff1c63ff)] -> xpath: (//*[@class='ml10' and text()='Schools'])[1]]  for  50  seconds
2022-05-06 13:05:113 INFO  WaitHelper :66 -Element is clickable now
2022-05-06 13:05:340 INFO  WaitHelper :63 -Waiting for Element for [[ChromeDriver: chrome on WINDOWS (73243db5147b382c2c5cb1eeff1c63ff)] -> xpath: (//*[@class='ml10' and text()='Schools'])[1]]  for  50  seconds
2022-05-06 13:05:400 INFO  WaitHelper :66 -Element is clickable now
2022-05-06 13:05:459 INFO  WaitHelper :48 -Waiting for Element for [[ChromeDriver: chrome on WINDOWS (73243db5147b382c2c5cb1eeff1c63ff)] -> xpath: //table[contains(@class,'arcTbl')]/tbody]  for  50  seconds
2022-05-06 13:05:489 INFO  WaitHelper :51 -Element is visible now
2022-05-06 13:05:295 INFO  WaitHelper :38 -Dropdown value selected by Visible Text.. square meters
2022-05-06 13:05:351 INFO  Retry :17 -Retrying test ProjectRegistration_SchoolsGrossArea_Invalid_1904515_SQ_MT with status FAILURE for the 1 time(s).
2022-05-06 13:05:357 INFO  ExtentReportListener :115 - Extent Report onTestSkipped method starts......
2022-05-06 13:05:359 INFO  ExtentReportListener :122 -ProjectRegistration_SchoolsGrossArea_Invalid_1904515_SQ_MT method got skipped...
2022-05-06 13:05:360 INFO  ExtentReportListener :123 - Extent Report onTestSkipped method ends......
2022-05-06 13:05:363 INFO  ProjectRegistrationPageTest :4728 -ProjectRegistration_SchoolsGrossArea_Invalid_1904515_SQ_MT method started ........... 
2022-05-06 13:05:770 INFO  CommonMethod :813 -switchToDefaultContent method starts here......
2022-05-06 13:05:774 INFO  CommonMethod :815 -switchToDefaultContent method ends here......
2022-05-06 13:05:486 INFO  WaitHelper :63 -Waiting for Element for [[ChromeDriver: chrome on WINDOWS (73243db5147b382c2c5cb1eeff1c63ff)] -> xpath: (//*[@class='ml10' and text()='Schools'])[1]]  for  50  seconds
2022-05-06 13:05:558 INFO  WaitHelper :66 -Element is clickable now
2022-05-06 13:05:792 INFO  WaitHelper :63 -Waiting for Element for [[ChromeDriver: chrome on WINDOWS (73243db5147b382c2c5cb1eeff1c63ff)] -> xpath: (//*[@class='ml10' and text()='Schools'])[1]]  for  50  seconds
2022-05-06 13:05:849 INFO  WaitHelper :66 -Element is clickable now
2022-05-06 13:05:336 INFO  WaitHelper :48 -Waiting for Element for [[ChromeDriver: chrome on WINDOWS (73243db5147b382c2c5cb1eeff1c63ff)] -> xpath: //table[contains(@class,'arcTbl')]/tbody]  for  50  seconds
2022-05-06 13:05:363 INFO  WaitHelper :51 -Element is visible now
2022-05-06 13:05:77 INFO  WaitHelper :38 -Dropdown value selected by Visible Text.. square meters
2022-05-06 13:05:126 INFO  ExtentReportListener :66 - Extent Report onTestFailure method starts......
2022-05-06 13:05:127 INFO  ExtentReportListener :76 -java.lang.AssertionError: expected [true] but found [false]
2022-05-06 13:05:128 INFO  CommonMethod :62 -takeScreenshotTest method starts here ......
2022-05-06 13:05:703 INFO  CommonMethod :70 -Screenshot captured successfully for Method ....ProjectRegistration_SchoolsGrossArea_Invalid_1904515_SQ_MT
2022-05-06 13:05:703 INFO  CommonMethod :71 -takeScreenshotTest method ends here ......
2022-05-06 13:05:704 INFO  ExtentReportListener :78 -Screen Shot Path is ---C:\Arc_Automation\Arc-Automation-QA/Screenshots/ProjectRegistration_SchoolsGrossArea_Invalid_1904515_SQ_MT.png
2022-05-06 13:05:706 INFO  ExtentReportListener :98 -Windows Path is ..\Screenshots\ProjectRegistration_SchoolsGrossArea_Invalid_1904515_SQ_MT.png
2022-05-06 13:05:707 INFO  ExtentReportListener :100 -Screenshot attached to Extent Report Successfully on windows...
2022-05-06 13:05:707 INFO  ExtentReportListener :109 -ProjectRegistration_SchoolsGrossArea_Invalid_1904515_SQ_MT method got Failed...
2022-05-06 13:05:707 INFO  ExtentReportListener :110 - Extent Report onTestFailure method ends......
2022-05-06 13:05:708 INFO  ProjectRegistrationPageTest :4768 -ProjectRegistration_OwnerOrganization_AutoSuggestion method started ........... 
2022-05-06 13:05:129 INFO  CommonMethod :813 -switchToDefaultContent method starts here......
2022-05-06 13:05:141 INFO  CommonMethod :815 -switchToDefaultContent method ends here......
2022-05-06 13:05:880 INFO  WaitHelper :63 -Waiting for Element for [[ChromeDriver: chrome on WINDOWS (73243db5147b382c2c5cb1eeff1c63ff)] -> xpath: (//*[@class='ml10' and text()='Schools'])[1]]  for  50  seconds
2022-05-06 13:05:941 INFO  WaitHelper :66 -Element is clickable now
2022-05-06 13:05:184 INFO  WaitHelper :63 -Waiting for Element for [[ChromeDriver: chrome on WINDOWS (73243db5147b382c2c5cb1eeff1c63ff)] -> xpath: (//*[@class='ml10' and text()='Schools'])[1]]  for  50  seconds
2022-05-06 13:05:235 INFO  WaitHelper :66 -Element is clickable now
2022-05-06 13:05:516 INFO  WaitHelper :48 -Waiting for Element for [[ChromeDriver: chrome on WINDOWS (73243db5147b382c2c5cb1eeff1c63ff)] -> xpath: //table[contains(@class,'arcTbl')]/tbody]  for  50  seconds
2022-05-06 13:05:531 INFO  WaitHelper :51 -Element is visible now
2022-05-06 13:05:257 INFO  WaitHelper :38 -Dropdown value selected by Visible Text.. square meters
2022-05-06 13:05:383 INFO  WaitHelper :38 -Dropdown value selected by Visible Text.. Airport: Control Tower
2022-05-06 13:05:497 INFO  WaitHelper :38 -Dropdown value selected by Visible Text.. Business Improvement District
2022-05-06 13:05:892 INFO  WaitHelper :48 -Waiting for Element for [[ChromeDriver: chrome on WINDOWS (73243db5147b382c2c5cb1eeff1c63ff)] -> xpath: //div[@class='searchDropdownOrganization']]  for  50  seconds
2022-05-06 13:05:915 INFO  WaitHelper :51 -Element is visible now
2022-05-06 13:05:929 INFO  ProjectRegistrationPageTest :4787 -Total Suggestion showing is ---10
2022-05-06 13:05:930 INFO  ProjectRegistrationPageTest :4792 -ProjectRegistration_OwnerOrganization_AutoSuggestion method ends here ........... 
2022-05-06 13:05:931 INFO  ExtentReportListener :55 - Extent Report onTestSuccess method started......
2022-05-06 13:05:932 INFO  ExtentReportListener :61 -ProjectRegistration_School_OwnerOrganization_AutoSuggestion method got success...
2022-05-06 13:05:932 INFO  ExtentReportListener :62 - Extent Report onTestSuccess method ends......
2022-05-06 13:05:935 INFO  ProjectRegistrationPageTest :4804 -ProjectRegistration_InvalidEmailCheck method started ........... 
2022-05-06 13:05:238 INFO  CommonMethod :813 -switchToDefaultContent method starts here......
2022-05-06 13:05:244 INFO  CommonMethod :815 -switchToDefaultContent method ends here......
2022-05-06 13:05:945 INFO  WaitHelper :63 -Waiting for Element for [[ChromeDriver: chrome on WINDOWS (73243db5147b382c2c5cb1eeff1c63ff)] -> xpath: (//*[@class='ml10' and text()='Schools'])[1]]  for  50  seconds
2022-05-06 13:05:13 INFO  WaitHelper :66 -Element is clickable now
2022-05-06 13:05:323 INFO  WaitHelper :63 -Waiting for Element for [[ChromeDriver: chrome on WINDOWS (73243db5147b382c2c5cb1eeff1c63ff)] -> xpath: (//*[@class='ml10' and text()='Schools'])[1]]  for  50  seconds
2022-05-06 13:05:381 INFO  WaitHelper :66 -Element is clickable now
2022-05-06 13:05:873 INFO  WaitHelper :48 -Waiting for Element for [[ChromeDriver: chrome on WINDOWS (73243db5147b382c2c5cb1eeff1c63ff)] -> xpath: //table[contains(@class,'arcTbl')]/tbody]  for  50  seconds
2022-05-06 13:05:893 INFO  WaitHelper :51 -Element is visible now
2022-05-06 13:05:718 INFO  WaitHelper :38 -Dropdown value selected by Visible Text.. square meters
2022-05-06 13:05:933 INFO  WaitHelper :38 -Dropdown value selected by Visible Text.. Airport: Control Tower
2022-05-06 13:05:66 INFO  WaitHelper :38 -Dropdown value selected by Visible Text.. Business Improvement District
2022-05-06 13:05:316 INFO  ProjectRegistrationPageObject :531 -Validation message displayed is --- Please enter valid email.
2022-05-06 13:05:499 INFO  ProjectRegistrationPageObject :531 -Validation message displayed is --- Please enter valid email.
2022-05-06 13:05:499 INFO  ProjectRegistrationPageTest :4825 -ProjectRegistration_InvalidEmailCheck method ends here ........... 
2022-05-06 13:05:500 INFO  ExtentReportListener :55 - Extent Report onTestSuccess method started......
2022-05-06 13:05:501 INFO  ExtentReportListener :61 -SchoolRegistration_InvalidEmailCheck method got success...
2022-05-06 13:05:501 INFO  ExtentReportListener :62 - Extent Report onTestSuccess method ends......
2022-05-06 13:05:503 INFO  ProjectRegistrationPageTest :4841 -SchoolRegistration_Check_AddButton_Disabled method started ........... 
2022-05-06 13:05:884 INFO  CommonMethod :813 -switchToDefaultContent method starts here......
2022-05-06 13:05:891 INFO  CommonMethod :815 -switchToDefaultContent method ends here......
2022-05-06 13:05:534 INFO  WaitHelper :63 -Waiting for Element for [[ChromeDriver: chrome on WINDOWS (73243db5147b382c2c5cb1eeff1c63ff)] -> xpath: (//*[@class='ml10' and text()='Schools'])[1]]  for  50  seconds
2022-05-06 13:05:614 INFO  WaitHelper :66 -Element is clickable now
2022-05-06 13:05:880 INFO  WaitHelper :63 -Waiting for Element for [[ChromeDriver: chrome on WINDOWS (73243db5147b382c2c5cb1eeff1c63ff)] -> xpath: (//*[@class='ml10' and text()='Schools'])[1]]  for  50  seconds
2022-05-06 13:05:933 INFO  WaitHelper :66 -Element is clickable now
2022-05-06 13:05:192 INFO  WaitHelper :48 -Waiting for Element for [[ChromeDriver: chrome on WINDOWS (73243db5147b382c2c5cb1eeff1c63ff)] -> xpath: //table[contains(@class,'arcTbl')]/tbody]  for  50  seconds
2022-05-06 13:05:217 INFO  WaitHelper :51 -Element is visible now
2022-05-06 13:05:918 INFO  WaitHelper :38 -Dropdown value selected by Visible Text.. square meters
2022-05-06 13:05:24 INFO  WaitHelper :38 -Dropdown value selected by Visible Text.. Airport: Control Tower
2022-05-06 13:05:128 INFO  WaitHelper :38 -Dropdown value selected by Visible Text.. Business Improvement District
2022-05-06 13:05:493 INFO  WaitHelper :48 -Waiting for Element for [[ChromeDriver: chrome on WINDOWS (73243db5147b382c2c5cb1eeff1c63ff)] -> xpath: //div[@class='searchDropdownOrganization']]  for  50  seconds
2022-05-06 13:05:511 INFO  WaitHelper :51 -Element is visible now
2022-05-06 13:05:870 INFO  WaitHelper :38 -Dropdown value selected by Visible Text.. United States
2022-05-06 13:05:895 INFO  ProjectRegistrationPageObject :701 -Add button enabled flag is --false
2022-05-06 13:05:47 INFO  ProjectRegistrationPageObject :701 -Add button enabled flag is --true
2022-05-06 13:05:48 INFO  ProjectRegistrationPageTest :4870 - BeforeAddbuttonEnabled flag is --false and  AfterAddbuttonEnabled flag is --true
2022-05-06 13:05:48 INFO  ProjectRegistrationPageTest :4872 -ProjectRegistration_Check_AddButton_Disabled method ended ........... 
2022-05-06 13:05:49 INFO  ExtentReportListener :55 - Extent Report onTestSuccess method started......
2022-05-06 13:05:51 INFO  ExtentReportListener :61 -SchoolRegistration_Check_AddButton_Disabled method got success...
2022-05-06 13:05:51 INFO  ExtentReportListener :62 - Extent Report onTestSuccess method ends......
2022-05-06 13:05:53 INFO  ProjectRegistrationPageTest :4890 -School_Project_Creation_Opens_Overview_Screen method started ........... 
2022-05-06 13:05:508 INFO  CommonMethod :813 -switchToDefaultContent method starts here......
2022-05-06 13:05:512 INFO  CommonMethod :815 -switchToDefaultContent method ends here......
2022-05-06 13:05:212 INFO  WaitHelper :63 -Waiting for Element for [[ChromeDriver: chrome on WINDOWS (73243db5147b382c2c5cb1eeff1c63ff)] -> xpath: (//*[@class='ml10' and text()='Schools'])[1]]  for  50  seconds
2022-05-06 13:05:261 INFO  WaitHelper :66 -Element is clickable now
2022-05-06 13:05:655 INFO  WaitHelper :63 -Waiting for Element for [[ChromeDriver: chrome on WINDOWS (73243db5147b382c2c5cb1eeff1c63ff)] -> xpath: (//*[@class='ml10' and text()='Schools'])[1]]  for  50  seconds
2022-05-06 13:05:740 INFO  WaitHelper :66 -Element is clickable now
2022-05-06 13:05:418 INFO  WaitHelper :48 -Waiting for Element for [[ChromeDriver: chrome on WINDOWS (73243db5147b382c2c5cb1eeff1c63ff)] -> xpath: //table[contains(@class,'arcTbl')]/tbody]  for  50  seconds
2022-05-06 13:05:447 INFO  WaitHelper :51 -Element is visible now
2022-05-06 13:05:104 INFO  WaitHelper :38 -Dropdown value selected by Visible Text.. square meters
2022-05-06 13:05:211 INFO  WaitHelper :38 -Dropdown value selected by Visible Text.. Airport: Control Tower
2022-05-06 13:05:312 INFO  WaitHelper :38 -Dropdown value selected by Visible Text.. Business Improvement District
2022-05-06 13:05:821 INFO  WaitHelper :48 -Waiting for Element for [[ChromeDriver: chrome on WINDOWS (73243db5147b382c2c5cb1eeff1c63ff)] -> xpath: //div[@class='searchDropdownOrganization']]  for  50  seconds
2022-05-06 13:05:852 INFO  WaitHelper :51 -Element is visible now
2022-05-06 13:05:192 INFO  WaitHelper :38 -Dropdown value selected by Visible Text.. United States
2022-05-06 13:05:127 INFO  WaitHelper :70 -Waiting for Element for [[ChromeDriver: chrome on WINDOWS (73243db5147b382c2c5cb1eeff1c63ff)] -> xpath: (//*[text()='Validating info...'])[1]/parent::div]  for  50  seconds
2022-05-06 13:05:854 INFO  WaitHelper :73 -Element is Invisible now
2022-05-06 13:05:952 INFO  WaitHelper :48 -Waiting for Element for [[ChromeDriver: chrome on WINDOWS (73243db5147b382c2c5cb1eeff1c63ff)] -> xpath: //*[@class='page-controls navbar_info navbar-default']/div/div/div/h4]  for  50  seconds
2022-05-06 13:05:969 INFO  WaitHelper :51 -Element is visible now
2022-05-06 13:05:07 INFO  SchoolPageObject :131 -Project Name showing---------Abraxas Continuation High, California, United States
2022-05-06 13:05:08 INFO  SchoolPageObject :179 -CheckOverviewHeaderShowing method starts here...
2022-05-06 13:05:20 INFO  WaitHelper :48 -Waiting for Element for [[ChromeDriver: chrome on WINDOWS (73243db5147b382c2c5cb1eeff1c63ff)] -> xpath: //h3[@class='fw-500 black-color pl15 mb25 pt5']]  for  50  seconds
2022-05-06 13:05:46 INFO  WaitHelper :51 -Element is visible now
2022-05-06 13:05:70 INFO  SchoolPageObject :185 -OverviewText.getText() value is ---- true
2022-05-06 13:05:70 INFO  SchoolPageObject :186 -CheckOverviewHeaderShowing method ends here...
2022-05-06 13:05:354 INFO  WaitHelper :48 -Waiting for Element for [[ChromeDriver: chrome on WINDOWS (73243db5147b382c2c5cb1eeff1c63ff)] -> xpath: //span[@class='fw-semi-bold' and text()='Project']]  for  50  seconds
2022-05-06 13:05:379 INFO  WaitHelper :51 -Element is visible now
2022-05-06 13:05:417 INFO  ProjectRegistrationPageTest :4920 -  Abraxas Continuation High is ---8000041050
2022-05-06 13:05:417 INFO  ProjectRegistrationPageTest :4933 -Buildings_Project_Creation_Opens_Overview_Screen method ends here ........... 
2022-05-06 13:05:418 INFO  ExtentReportListener :55 - Extent Report onTestSuccess method started......
2022-05-06 13:05:419 INFO  ExtentReportListener :61 -School_Project_Creation_Opens_Overview_Screen method got success...
2022-05-06 13:05:419 INFO  ExtentReportListener :62 - Extent Report onTestSuccess method ends......
2022-05-06 13:05:477 INFO  ExtentReportListener :127 - Extent Report onFinish method starts......
2022-05-06 13:05:34 INFO  ExtentReportListener :129 - Extent Report onFinish method ends......
2022-05-11 18:05:160 INFO  ExtentReportListener :34 - Extent Report onStart method started......
2022-05-11 18:05:519 INFO  ExtentReportListener :46 -ARC Essential School Regression Suite 
2022-05-11 18:05:520 INFO  ExtentReportListener :47 - Extent Report onStart method ends......
2022-05-11 18:05:536 INFO  BaseClass :82 -Initialization method started
2022-05-11 18:05:537 INFO  BaseClass :89 -Test Suite File is ---null
2022-05-11 18:05:237 INFO  CommonMethod :740 -deleteALlDownloadedFiles method starts here ......
2022-05-11 18:05:238 INFO  CommonMethod :742 -Directory path is C:\Arc_Automation\Arc-Automation-QA\DownLoadedFiles
2022-05-11 18:05:239 INFO  CommonMethod :761 -There is no any file/folder(s).....
2022-05-11 18:05:240 INFO  CommonMethod :762 -deleteALlDownloadedFiles method ends here ......
2022-05-11 18:05:240 INFO  BaseClass :121 -Opearting System is --Windows 10
2022-05-11 18:05:241 INFO  BaseClass :126 -DownloadFolder path is --DownLoadedFiles\4827ef7d-7b06-41c7-b38d-1049028f8c5c
2022-05-11 18:05:355 INFO  BaseClass :148 -Chrome EXE file path is --C:\Arc_Automation\Arc-Automation-QA/DriverFiles/chromedriver.exe
2022-05-11 18:05:351 INFO  BaseClass :155 -Chrome browser launched successfully
2022-05-11 18:05:472 INFO  WaitHelper :24 -Implicit wait has been set to  .. 50
2022-05-11 18:05:489 INFO  WaitHelper :141 -Page is loaded
2022-05-11 18:05:490 INFO  BaseClass :187 -Environment Name is ---null
2022-05-11 18:05:492 INFO  BaseClass :199 -Environment is not provided or wrong environment entered......
2022-05-11 18:05:645 INFO  BaseClass :202 -URL navigated to .. https://stg.arconline.io/
2022-05-11 18:05:693 INFO  BaseClass :206 -Initialization method ends
2022-05-11 18:05:776 INFO  LoginPageTest :48 -LoginApplicationTest started
2022-05-11 18:05:808 INFO  WaitHelper :63 -Waiting for Element for [[ChromeDriver: chrome on WINDOWS (82f0d957b19309f5be2c7ddb7fee4a1a)] -> xpath: //button[@class='agree-button']]  for  50  seconds
2022-05-11 18:05:890 INFO  WaitHelper :66 -Element is clickable now
2022-05-11 18:05:969 INFO  WaitHelper :63 -Waiting for Element for [[ChromeDriver: chrome on WINDOWS (82f0d957b19309f5be2c7ddb7fee4a1a)] -> xpath: //*[@id='login-box-trigger-lg']]  for  50  seconds
2022-05-11 18:05:27 INFO  WaitHelper :66 -Element is clickable now
2022-05-11 18:05:556 INFO  WaitHelper :63 -Waiting for Element for [[ChromeDriver: chrome on WINDOWS (82f0d957b19309f5be2c7ddb7fee4a1a)] -> xpath: //button[@class='btn accept_and_close_btn']]  for  50  seconds
2022-05-11 18:05:702 INFO  WaitHelper :66 -Element is clickable now
2022-05-11 18:05:133 INFO  WaitHelper :63 -Waiting for Element for [[ChromeDriver: chrome on WINDOWS (82f0d957b19309f5be2c7ddb7fee4a1a)] -> xpath: //button[@type='submit'][text()='Log In']]  for  50  seconds
2022-05-11 18:05:199 INFO  WaitHelper :66 -Element is clickable now
2022-05-11 18:05:926 INFO  LoginPageTest :52 -LoginApplicationTest completed
2022-05-11 18:05:931 INFO  ExtentReportListener :55 - Extent Report onTestSuccess method started......
2022-05-11 18:05:961 INFO  ExtentReportListener :61 -Login_ApplicationTest method got success...
2022-05-11 18:05:962 INFO  ExtentReportListener :62 - Extent Report onTestSuccess method ends......
2022-05-11 18:05:966 INFO  ProjectRegistrationPageTest :23 -ProjectName_With_Valid_SpecialCharacters method started ........... 
2022-05-11 18:05:985 INFO  CommonMethod :813 -switchToDefaultContent method starts here......
2022-05-11 18:05:00 INFO  CommonMethod :815 -switchToDefaultContent method ends here......
2022-05-11 18:05:375 INFO  ProjectRegistrationPageTest :47 -ProjectName_With_Valid_SpecialCharacters method ends here ........... 
2022-05-11 18:05:377 INFO  ExtentReportListener :55 - Extent Report onTestSuccess method started......
2022-05-11 18:05:378 INFO  ExtentReportListener :61 -ProjectName_With_Valid_SpecialCharacters method got success...
2022-05-11 18:05:379 INFO  ExtentReportListener :62 - Extent Report onTestSuccess method ends......
2022-05-11 18:05:383 INFO  ProjectRegistrationPageTest :55 -ProjectName_With_Invalid_SpecialCharacters method started ........... 
2022-05-11 18:05:755 INFO  CommonMethod :813 -switchToDefaultContent method starts here......
2022-05-11 18:05:761 INFO  CommonMethod :815 -switchToDefaultContent method ends here......
2022-05-11 18:05:474 INFO  ProjectRegistrationPageTest :80 -ProjectName_With_Invalid_SpecialCharacters method ends here ........... 
2022-05-11 18:05:475 INFO  ExtentReportListener :55 - Extent Report onTestSuccess method started......
2022-05-11 18:05:476 INFO  ExtentReportListener :61 -ProjectName_With_Invalid_SpecialCharacters method got success...
2022-05-11 18:05:476 INFO  ExtentReportListener :62 - Extent Report onTestSuccess method ends......
2022-05-11 18:05:478 INFO  ProjectRegistrationPageTest :4607 -ProjectRegistration_SchoolsGrossArea_Valid_20499999_SQ_Feet method started ........... 
2022-05-11 18:05:825 INFO  CommonMethod :813 -switchToDefaultContent method starts here......
2022-05-11 18:05:830 INFO  CommonMethod :815 -switchToDefaultContent method ends here......
2022-05-11 18:05:615 INFO  WaitHelper :63 -Waiting for Element for [[ChromeDriver: chrome on WINDOWS (82f0d957b19309f5be2c7ddb7fee4a1a)] -> xpath: (//*[@class='ml10' and text()='Schools'])[1]]  for  50  seconds
2022-05-11 18:05:675 INFO  WaitHelper :66 -Element is clickable now
2022-05-11 18:05:85 INFO  WaitHelper :63 -Waiting for Element for [[ChromeDriver: chrome on WINDOWS (82f0d957b19309f5be2c7ddb7fee4a1a)] -> xpath: (//*[@class='ml10' and text()='Schools'])[1]]  for  50  seconds
2022-05-11 18:05:127 INFO  WaitHelper :66 -Element is clickable now
2022-05-11 18:05:766 INFO  WaitHelper :48 -Waiting for Element for [[ChromeDriver: chrome on WINDOWS (82f0d957b19309f5be2c7ddb7fee4a1a)] -> xpath: //table[contains(@class,'arcTbl')]/tbody]  for  50  seconds
2022-05-11 18:05:785 INFO  WaitHelper :51 -Element is visible now
2022-05-11 18:05:293 INFO  WaitHelper :38 -Dropdown value selected by Visible Text.. square feet
2022-05-11 18:05:570 INFO  ProjectRegistrationPageTest :4636 -ProjectRegistration_SchoolsGrossArea_Valid_20499999_SQ_Feet method ends here ........... 
2022-05-11 18:05:575 INFO  ExtentReportListener :55 - Extent Report onTestSuccess method started......
2022-05-11 18:05:577 INFO  ExtentReportListener :61 -ProjectRegistration_SchoolGrossArea_Valid_20499999_SQ_Feet method got success...
2022-05-11 18:05:578 INFO  ExtentReportListener :62 - Extent Report onTestSuccess method ends......
2022-05-11 18:05:582 INFO  ProjectRegistrationPageTest :4649 -ProjectRegistration_SchoolsGrossArea_Invalid_20500000_SQ_Feet method started ........... 
2022-05-11 18:05:49 INFO  CommonMethod :813 -switchToDefaultContent method starts here......
2022-05-11 18:05:54 INFO  CommonMethod :815 -switchToDefaultContent method ends here......
2022-05-11 18:05:67 INFO  WaitHelper :63 -Waiting for Element for [[ChromeDriver: chrome on WINDOWS (82f0d957b19309f5be2c7ddb7fee4a1a)] -> xpath: (//*[@class='ml10' and text()='Schools'])[1]]  for  50  seconds
2022-05-11 18:05:163 INFO  WaitHelper :66 -Element is clickable now
2022-05-11 18:05:472 INFO  WaitHelper :63 -Waiting for Element for [[ChromeDriver: chrome on WINDOWS (82f0d957b19309f5be2c7ddb7fee4a1a)] -> xpath: (//*[@class='ml10' and text()='Schools'])[1]]  for  50  seconds
2022-05-11 18:05:528 INFO  WaitHelper :66 -Element is clickable now
2022-05-11 18:05:612 INFO  WaitHelper :48 -Waiting for Element for [[ChromeDriver: chrome on WINDOWS (82f0d957b19309f5be2c7ddb7fee4a1a)] -> xpath: //table[contains(@class,'arcTbl')]/tbody]  for  50  seconds
2022-05-11 18:05:627 INFO  WaitHelper :51 -Element is visible now
2022-05-11 18:05:83 INFO  WaitHelper :38 -Dropdown value selected by Visible Text.. square feet
2022-05-11 18:05:460 INFO  ProjectRegistrationPageTest :4678 -ProjectRegistration_SchoolsGrossArea_Invalid_20500000_SQ_Feet method ends here ........... 
2022-05-11 18:05:462 INFO  ExtentReportListener :55 - Extent Report onTestSuccess method started......
2022-05-11 18:05:463 INFO  ExtentReportListener :61 -ProjectRegistration_SchoolsGrossArea_Invalid_20500000_SQ_Feet method got success...
2022-05-11 18:05:463 INFO  ExtentReportListener :62 - Extent Report onTestSuccess method ends......
2022-05-11 18:05:464 INFO  ProjectRegistrationPageTest :4688 -ProjectRegistration_SchoolsGrossArea_Valid_1904514_SQ_MT method started ........... 
2022-05-11 18:05:907 INFO  CommonMethod :813 -switchToDefaultContent method starts here......
2022-05-11 18:05:920 INFO  CommonMethod :815 -switchToDefaultContent method ends here......
2022-05-11 18:05:617 INFO  WaitHelper :63 -Waiting for Element for [[ChromeDriver: chrome on WINDOWS (82f0d957b19309f5be2c7ddb7fee4a1a)] -> xpath: (//*[@class='ml10' and text()='Schools'])[1]]  for  50  seconds
2022-05-11 18:05:702 INFO  WaitHelper :66 -Element is clickable now
2022-05-11 18:05:822 INFO  WaitHelper :63 -Waiting for Element for [[ChromeDriver: chrome on WINDOWS (82f0d957b19309f5be2c7ddb7fee4a1a)] -> xpath: (//*[@class='ml10' and text()='Schools'])[1]]  for  50  seconds
2022-05-11 18:05:868 INFO  WaitHelper :66 -Element is clickable now
2022-05-11 18:05:551 INFO  WaitHelper :48 -Waiting for Element for [[ChromeDriver: chrome on WINDOWS (82f0d957b19309f5be2c7ddb7fee4a1a)] -> xpath: //table[contains(@class,'arcTbl')]/tbody]  for  50  seconds
2022-05-11 18:05:575 INFO  WaitHelper :51 -Element is visible now
2022-05-11 18:05:222 INFO  WaitHelper :38 -Dropdown value selected by Visible Text.. square meters
2022-05-11 18:05:426 INFO  ProjectRegistrationPageTest :4718 -ProjectRegistration_SchoolsGrossArea_Valid_1904514_SQ_MT method ends here ........... 
2022-05-11 18:05:428 INFO  ExtentReportListener :55 - Extent Report onTestSuccess method started......
2022-05-11 18:05:429 INFO  ExtentReportListener :61 -ProjectRegistration_SchoolsGrossArea_Valid_1904514_SQ_MT method got success...
2022-05-11 18:05:429 INFO  ExtentReportListener :62 - Extent Report onTestSuccess method ends......
2022-05-11 18:05:433 INFO  ProjectRegistrationPageTest :4728 -ProjectRegistration_SchoolsGrossArea_Invalid_1904515_SQ_MT method started ........... 
2022-05-11 18:05:922 INFO  CommonMethod :813 -switchToDefaultContent method starts here......
2022-05-11 18:05:927 INFO  CommonMethod :815 -switchToDefaultContent method ends here......
2022-05-11 18:05:744 INFO  WaitHelper :63 -Waiting for Element for [[ChromeDriver: chrome on WINDOWS (82f0d957b19309f5be2c7ddb7fee4a1a)] -> xpath: (//*[@class='ml10' and text()='Schools'])[1]]  for  50  seconds
2022-05-11 18:05:815 INFO  WaitHelper :66 -Element is clickable now
2022-05-11 18:05:44 INFO  WaitHelper :63 -Waiting for Element for [[ChromeDriver: chrome on WINDOWS (82f0d957b19309f5be2c7ddb7fee4a1a)] -> xpath: (//*[@class='ml10' and text()='Schools'])[1]]  for  50  seconds
2022-05-11 18:05:115 INFO  WaitHelper :66 -Element is clickable now
2022-05-11 18:05:221 INFO  WaitHelper :48 -Waiting for Element for [[ChromeDriver: chrome on WINDOWS (82f0d957b19309f5be2c7ddb7fee4a1a)] -> xpath: //table[contains(@class,'arcTbl')]/tbody]  for  50  seconds
2022-05-11 18:05:239 INFO  WaitHelper :51 -Element is visible now
2022-05-11 18:05:748 INFO  WaitHelper :38 -Dropdown value selected by Visible Text.. square meters
2022-05-11 18:05:995 INFO  ProjectRegistrationPageTest :4758 -ProjectRegistration_BuildingsGrossArea_Invalid_1904515_SQ_MT method ends here ........... 
2022-05-11 18:05:996 INFO  ExtentReportListener :55 - Extent Report onTestSuccess method started......
2022-05-11 18:05:997 INFO  ExtentReportListener :61 -ProjectRegistration_SchoolsGrossArea_Invalid_1904515_SQ_MT method got success...
2022-05-11 18:05:997 INFO  ExtentReportListener :62 - Extent Report onTestSuccess method ends......
2022-05-11 18:05:999 INFO  ProjectRegistrationPageTest :4769 -ProjectRegistration_OwnerOrganization_AutoSuggestion method started ........... 
2022-05-11 18:05:573 INFO  CommonMethod :813 -switchToDefaultContent method starts here......
2022-05-11 18:05:579 INFO  CommonMethod :815 -switchToDefaultContent method ends here......
2022-05-11 18:05:372 INFO  WaitHelper :63 -Waiting for Element for [[ChromeDriver: chrome on WINDOWS (82f0d957b19309f5be2c7ddb7fee4a1a)] -> xpath: (//*[@class='ml10' and text()='Schools'])[1]]  for  50  seconds
2022-05-11 18:05:446 INFO  WaitHelper :66 -Element is clickable now
2022-05-11 18:05:834 INFO  WaitHelper :63 -Waiting for Element for [[ChromeDriver: chrome on WINDOWS (82f0d957b19309f5be2c7ddb7fee4a1a)] -> xpath: (//*[@class='ml10' and text()='Schools'])[1]]  for  50  seconds
2022-05-11 18:05:891 INFO  WaitHelper :66 -Element is clickable now
2022-05-11 18:05:489 INFO  WaitHelper :48 -Waiting for Element for [[ChromeDriver: chrome on WINDOWS (82f0d957b19309f5be2c7ddb7fee4a1a)] -> xpath: //table[contains(@class,'arcTbl')]/tbody]  for  50  seconds
2022-05-11 18:05:510 INFO  WaitHelper :51 -Element is visible now
2022-05-11 18:05:317 INFO  WaitHelper :38 -Dropdown value selected by Visible Text.. square meters
2022-05-11 18:05:443 INFO  WaitHelper :38 -Dropdown value selected by Visible Text.. Airport: Control Tower
2022-05-11 18:05:572 INFO  WaitHelper :38 -Dropdown value selected by Visible Text.. Business Improvement District
2022-05-11 18:05:932 INFO  WaitHelper :48 -Waiting for Element for [[ChromeDriver: chrome on WINDOWS (82f0d957b19309f5be2c7ddb7fee4a1a)] -> xpath: //div[@class='searchDropdownOrganization']]  for  50  seconds
2022-05-11 18:05:960 INFO  WaitHelper :51 -Element is visible now
2022-05-11 18:05:980 INFO  ProjectRegistrationPageTest :4788 -Total Suggestion showing is ---10
2022-05-11 18:05:980 INFO  ProjectRegistrationPageTest :4793 -ProjectRegistration_OwnerOrganization_AutoSuggestion method ends here ........... 
2022-05-11 18:05:981 INFO  ExtentReportListener :55 - Extent Report onTestSuccess method started......
2022-05-11 18:05:982 INFO  ExtentReportListener :61 -ProjectRegistration_School_OwnerOrganization_AutoSuggestion method got success...
2022-05-11 18:05:982 INFO  ExtentReportListener :62 - Extent Report onTestSuccess method ends......
2022-05-11 18:05:984 INFO  ProjectRegistrationPageTest :4805 -ProjectRegistration_InvalidEmailCheck method started ........... 
2022-05-11 18:05:358 INFO  CommonMethod :813 -switchToDefaultContent method starts here......
2022-05-11 18:05:361 INFO  CommonMethod :815 -switchToDefaultContent method ends here......
2022-05-11 18:05:01 INFO  WaitHelper :63 -Waiting for Element for [[ChromeDriver: chrome on WINDOWS (82f0d957b19309f5be2c7ddb7fee4a1a)] -> xpath: (//*[@class='ml10' and text()='Schools'])[1]]  for  50  seconds
2022-05-11 18:05:64 INFO  WaitHelper :66 -Element is clickable now
2022-05-11 18:05:317 INFO  WaitHelper :63 -Waiting for Element for [[ChromeDriver: chrome on WINDOWS (82f0d957b19309f5be2c7ddb7fee4a1a)] -> xpath: (//*[@class='ml10' and text()='Schools'])[1]]  for  50  seconds
2022-05-11 18:05:365 INFO  WaitHelper :66 -Element is clickable now
2022-05-11 18:05:151 INFO  WaitHelper :48 -Waiting for Element for [[ChromeDriver: chrome on WINDOWS (82f0d957b19309f5be2c7ddb7fee4a1a)] -> xpath: //table[contains(@class,'arcTbl')]/tbody]  for  50  seconds
2022-05-11 18:05:172 INFO  WaitHelper :51 -Element is visible now
2022-05-11 18:05:36 INFO  WaitHelper :38 -Dropdown value selected by Visible Text.. square meters
2022-05-11 18:05:169 INFO  WaitHelper :38 -Dropdown value selected by Visible Text.. Airport: Control Tower
2022-05-11 18:05:287 INFO  WaitHelper :38 -Dropdown value selected by Visible Text.. Business Improvement District
2022-05-11 18:05:628 INFO  ProjectRegistrationPageObject :531 -Validation message displayed is --- Please enter valid email.
2022-05-11 18:05:836 INFO  ProjectRegistrationPageObject :531 -Validation message displayed is --- Please enter valid email.
2022-05-11 18:05:836 INFO  ProjectRegistrationPageTest :4826 -ProjectRegistration_InvalidEmailCheck method ends here ........... 
2022-05-11 18:05:837 INFO  ExtentReportListener :55 - Extent Report onTestSuccess method started......
2022-05-11 18:05:837 INFO  ExtentReportListener :61 -SchoolRegistration_InvalidEmailCheck method got success...
2022-05-11 18:05:838 INFO  ExtentReportListener :62 - Extent Report onTestSuccess method ends......
2022-05-11 18:05:839 INFO  ProjectRegistrationPageTest :4842 -SchoolRegistration_Check_AddButton_Disabled method started ........... 
2022-05-11 18:05:298 INFO  CommonMethod :813 -switchToDefaultContent method starts here......
2022-05-11 18:05:302 INFO  CommonMethod :815 -switchToDefaultContent method ends here......
2022-05-11 18:05:967 INFO  WaitHelper :63 -Waiting for Element for [[ChromeDriver: chrome on WINDOWS (82f0d957b19309f5be2c7ddb7fee4a1a)] -> xpath: (//*[@class='ml10' and text()='Schools'])[1]]  for  50  seconds
2022-05-11 18:05:31 INFO  WaitHelper :66 -Element is clickable now
2022-05-11 18:05:261 INFO  WaitHelper :63 -Waiting for Element for [[ChromeDriver: chrome on WINDOWS (82f0d957b19309f5be2c7ddb7fee4a1a)] -> xpath: (//*[@class='ml10' and text()='Schools'])[1]]  for  50  seconds
2022-05-11 18:05:306 INFO  WaitHelper :66 -Element is clickable now
2022-05-11 18:05:748 INFO  WaitHelper :48 -Waiting for Element for [[ChromeDriver: chrome on WINDOWS (82f0d957b19309f5be2c7ddb7fee4a1a)] -> xpath: //table[contains(@class,'arcTbl')]/tbody]  for  50  seconds
2022-05-11 18:05:768 INFO  WaitHelper :51 -Element is visible now
2022-05-11 18:05:459 INFO  WaitHelper :38 -Dropdown value selected by Visible Text.. square meters
2022-05-11 18:05:579 INFO  WaitHelper :38 -Dropdown value selected by Visible Text.. Airport: Control Tower
2022-05-11 18:05:699 INFO  WaitHelper :38 -Dropdown value selected by Visible Text.. Business Improvement District
2022-05-11 18:05:77 INFO  WaitHelper :48 -Waiting for Element for [[ChromeDriver: chrome on WINDOWS (82f0d957b19309f5be2c7ddb7fee4a1a)] -> xpath: //div[@class='searchDropdownOrganization']]  for  50  seconds
2022-05-11 18:05:95 INFO  WaitHelper :51 -Element is visible now
2022-05-11 18:05:501 INFO  WaitHelper :38 -Dropdown value selected by Visible Text.. United States
2022-05-11 18:05:543 INFO  ProjectRegistrationPageObject :701 -Add button enabled flag is --false
2022-05-11 18:05:697 INFO  ProjectRegistrationPageObject :701 -Add button enabled flag is --true
2022-05-11 18:05:697 INFO  ProjectRegistrationPageTest :4871 - BeforeAddbuttonEnabled flag is --false and  AfterAddbuttonEnabled flag is --true
2022-05-11 18:05:697 INFO  ProjectRegistrationPageTest :4873 -ProjectRegistration_Check_AddButton_Disabled method ended ........... 
2022-05-11 18:05:698 INFO  ExtentReportListener :55 - Extent Report onTestSuccess method started......
2022-05-11 18:05:699 INFO  ExtentReportListener :61 -SchoolRegistration_Check_AddButton_Disabled method got success...
2022-05-11 18:05:699 INFO  ExtentReportListener :62 - Extent Report onTestSuccess method ends......
2022-05-11 18:05:701 INFO  ProjectRegistrationPageTest :4891 -School_Project_Creation_Opens_Overview_Screen method started ........... 
2022-05-11 18:05:131 INFO  CommonMethod :813 -switchToDefaultContent method starts here......
2022-05-11 18:05:135 INFO  CommonMethod :815 -switchToDefaultContent method ends here......
2022-05-11 18:05:815 INFO  WaitHelper :63 -Waiting for Element for [[ChromeDriver: chrome on WINDOWS (82f0d957b19309f5be2c7ddb7fee4a1a)] -> xpath: (//*[@class='ml10' and text()='Schools'])[1]]  for  50  seconds
2022-05-11 18:05:914 INFO  WaitHelper :66 -Element is clickable now
2022-05-11 18:05:55 INFO  WaitHelper :63 -Waiting for Element for [[ChromeDriver: chrome on WINDOWS (82f0d957b19309f5be2c7ddb7fee4a1a)] -> xpath: (//*[@class='ml10' and text()='Schools'])[1]]  for  50  seconds
2022-05-11 18:05:121 INFO  WaitHelper :66 -Element is clickable now
2022-05-11 18:05:879 INFO  WaitHelper :48 -Waiting for Element for [[ChromeDriver: chrome on WINDOWS (82f0d957b19309f5be2c7ddb7fee4a1a)] -> xpath: //table[contains(@class,'arcTbl')]/tbody]  for  50  seconds
2022-05-11 18:05:897 INFO  WaitHelper :51 -Element is visible now
2022-05-11 18:05:637 INFO  WaitHelper :38 -Dropdown value selected by Visible Text.. square meters
2022-05-11 18:05:757 INFO  WaitHelper :38 -Dropdown value selected by Visible Text.. Airport: Control Tower
2022-05-11 18:05:868 INFO  WaitHelper :38 -Dropdown value selected by Visible Text.. Business Improvement District
2022-05-11 18:05:224 INFO  WaitHelper :48 -Waiting for Element for [[ChromeDriver: chrome on WINDOWS (82f0d957b19309f5be2c7ddb7fee4a1a)] -> xpath: //div[@class='searchDropdownOrganization']]  for  50  seconds
2022-05-11 18:05:238 INFO  WaitHelper :51 -Element is visible now
2022-05-11 18:05:611 INFO  WaitHelper :38 -Dropdown value selected by Visible Text.. United States
2022-05-11 18:05:340 INFO  WaitHelper :70 -Waiting for Element for [[ChromeDriver: chrome on WINDOWS (82f0d957b19309f5be2c7ddb7fee4a1a)] -> xpath: (//*[text()='Validating info...'])[1]/parent::div]  for  50  seconds
2022-05-11 18:05:90 INFO  WaitHelper :73 -Element is Invisible now
2022-05-11 18:05:192 INFO  WaitHelper :48 -Waiting for Element for [[ChromeDriver: chrome on WINDOWS (82f0d957b19309f5be2c7ddb7fee4a1a)] -> xpath: //*[@class='page-controls navbar_info navbar-default']/div/div/div/h4]  for  50  seconds
2022-05-11 18:05:209 INFO  WaitHelper :51 -Element is visible now
2022-05-11 18:05:244 INFO  SchoolPageObject :131 -Project Name showing---------JUANITA RAMIREZ GONZALEZ, Puerto Rico, United States
2022-05-11 18:05:244 INFO  SchoolPageObject :179 -CheckOverviewHeaderShowing method starts here...
2022-05-11 18:05:257 INFO  WaitHelper :48 -Waiting for Element for [[ChromeDriver: chrome on WINDOWS (82f0d957b19309f5be2c7ddb7fee4a1a)] -> xpath: //h3[@class='fw-500 black-color pl15 mb25 pt5']]  for  50  seconds
2022-05-11 18:05:283 INFO  WaitHelper :51 -Element is visible now
2022-05-11 18:05:306 INFO  SchoolPageObject :185 -OverviewText.getText() value is ---- true
2022-05-11 18:05:306 INFO  SchoolPageObject :186 -CheckOverviewHeaderShowing method ends here...
2022-05-11 18:05:689 INFO  WaitHelper :48 -Waiting for Element for [[ChromeDriver: chrome on WINDOWS (82f0d957b19309f5be2c7ddb7fee4a1a)] -> xpath: //span[@class='fw-semi-bold' and text()='Project']]  for  50  seconds
2022-05-11 18:05:105 INFO  WaitHelper :51 -Element is visible now
2022-05-11 18:05:160 INFO  ProjectRegistrationPageTest :4921 -  JUANITA RAMIREZ GONZALEZ is ---8000041122
2022-05-11 18:05:160 INFO  ProjectRegistrationPageTest :4934 -Schools_Project_Creation_Opens_Overview_Screen method ends here ........... 
2022-05-11 18:05:162 INFO  ExtentReportListener :55 - Extent Report onTestSuccess method started......
2022-05-11 18:05:163 INFO  ExtentReportListener :61 -School_Project_Creation_Opens_Overview_Screen method got success...
2022-05-11 18:05:164 INFO  ExtentReportListener :62 - Extent Report onTestSuccess method ends......
2022-05-11 18:05:218 INFO  ExtentReportListener :127 - Extent Report onFinish method starts......
2022-05-11 18:05:790 INFO  ExtentReportListener :129 - Extent Report onFinish method ends......
