<?xml version="1.0" encoding="UTF-8"?>
<testng-results ignored="21" total="59" passed="38" failed="0" skipped="0">
  <reporter-output>
  </reporter-output>
  <suite started-at="2021-06-22T23:25:26Z" name="ARC Essential Test Suite " finished-at="2021-06-22T23:43:19Z" duration-ms="1072440">
    <groups>
      <group name="LoginMethodTCGroup">
        <method signature="LoginPageTest.Login_ApplicationTest()[pri:1, instance:com.arc.testCases.LoginPageTest@26e356f0]" name="Login_ApplicationTest" class="com.arc.testCases.LoginPageTest"/>
      </group> <!-- LoginMethodTCGroup -->
      <group name="Regression">
        <method signature="LoginPageTest.Login_ApplicationTest()[pri:1, instance:com.arc.testCases.LoginPageTest@26e356f0]" name="Login_ApplicationTest" class="com.arc.testCases.LoginPageTest"/>
      </group> <!-- Regression -->
      <group name="Reboot">
        <method signature="LoginPageTest.Login_ApplicationTest()[pri:1, instance:com.arc.testCases.LoginPageTest@26e356f0]" name="Login_ApplicationTest" class="com.arc.testCases.LoginPageTest"/>
        <method signature="BuildingPageTest.Building_Agreement_Display()[pri:4, instance:com.arc.testCases.Project.BuildingPageTest@27f981c6]" name="Building_Agreement_Display" class="com.arc.testCases.Project.BuildingPageTest"/>
        <method signature="BuildingPageTest.Building_Agreement_Download()[pri:4, instance:com.arc.testCases.Project.BuildingPageTest@27f981c6]" name="Building_Agreement_Download" class="com.arc.testCases.Project.BuildingPageTest"/>
        <method signature="BuildingPageTest.Building_LEEDIDProject_Download_Invoice()[pri:4, instance:com.arc.testCases.Project.BuildingPageTest@27f981c6]" name="Building_LEEDIDProject_Download_Invoice" class="com.arc.testCases.Project.BuildingPageTest"/>
        <method signature="BuildingPageTest.Building_PerformanceCertificate_Download_Invoice_Receipt()[pri:4, instance:com.arc.testCases.Project.BuildingPageTest@27f981c6]" name="Building_PerformanceCertificate_Download_Invoice_Receipt" class="com.arc.testCases.Project.BuildingPageTest"/>
        <method signature="BuildingPageTest.Building_Recertification_Download_Invoice()[pri:4, instance:com.arc.testCases.Project.BuildingPageTest@27f981c6]" name="Building_Recertification_Download_Invoice" class="com.arc.testCases.Project.BuildingPageTest"/>
        <method signature="BuildingPageTest.Building_Team_Add_Member()[pri:4, instance:com.arc.testCases.Project.BuildingPageTest@27f981c6]" name="Building_Team_Add_Member" class="com.arc.testCases.Project.BuildingPageTest"/>
        <method signature="BuildingPageTest.Building_Team_Delete_Member()[pri:4, instance:com.arc.testCases.Project.BuildingPageTest@27f981c6]" name="Building_Team_Delete_Member" class="com.arc.testCases.Project.BuildingPageTest"/>
        <method signature="CityPageTest.City_Agreement_Display()[pri:6, instance:com.arc.testCases.Project.CityPageTest@2dc54ad4]" name="City_Agreement_Display" class="com.arc.testCases.Project.CityPageTest"/>
        <method signature="CityPageTest.City_Agreement_Download()[pri:6, instance:com.arc.testCases.Project.CityPageTest@2dc54ad4]" name="City_Agreement_Download" class="com.arc.testCases.Project.CityPageTest"/>
        <method signature="CityPageTest.City_LEEDIDProject_Download_Invoice()[pri:6, instance:com.arc.testCases.Project.CityPageTest@2dc54ad4]" name="City_LEEDIDProject_Download_Invoice" class="com.arc.testCases.Project.CityPageTest"/>
        <method signature="CityPageTest.City_Team_Add_Member()[pri:6, instance:com.arc.testCases.Project.CityPageTest@2dc54ad4]" name="City_Team_Add_Member" class="com.arc.testCases.Project.CityPageTest"/>
        <method signature="CityPageTest.City_Team_Delete_Member()[pri:6, instance:com.arc.testCases.Project.CityPageTest@2dc54ad4]" name="City_Team_Delete_Member" class="com.arc.testCases.Project.CityPageTest"/>
        <method signature="CommunitiesPageTest.Communities_Agreement_Display()[pri:8, instance:com.arc.testCases.Project.CommunitiesPageTest@4c1909a3]" name="Communities_Agreement_Display" class="com.arc.testCases.Project.CommunitiesPageTest"/>
        <method signature="CommunitiesPageTest.Communities_Agreement_Download()[pri:8, instance:com.arc.testCases.Project.CommunitiesPageTest@4c1909a3]" name="Communities_Agreement_Download" class="com.arc.testCases.Project.CommunitiesPageTest"/>
        <method signature="CommunitiesPageTest.Community_LEEDIDProject_Download_Invoice()[pri:8, instance:com.arc.testCases.Project.CommunitiesPageTest@4c1909a3]" name="Community_LEEDIDProject_Download_Invoice" class="com.arc.testCases.Project.CommunitiesPageTest"/>
        <method signature="CommunitiesPageTest.Community_Team_Add_Member()[pri:8, instance:com.arc.testCases.Project.CommunitiesPageTest@4c1909a3]" name="Community_Team_Add_Member" class="com.arc.testCases.Project.CommunitiesPageTest"/>
        <method signature="CommunitiesPageTest.Community_Team_Delete_Member()[pri:8, instance:com.arc.testCases.Project.CommunitiesPageTest@4c1909a3]" name="Community_Team_Delete_Member" class="com.arc.testCases.Project.CommunitiesPageTest"/>
        <method signature="HomePageTest.EssentialUser_Download_Invoice()[pri:2, instance:com.arc.testCases.HomePageTest@47d9a273]" name="EssentialUser_Download_Invoice" class="com.arc.testCases.HomePageTest"/>
        <method signature="HomePageTest.Logout_Test()[pri:100, instance:com.arc.testCases.HomePageTest@47d9a273]" name="Logout_Test" class="com.arc.testCases.HomePageTest"/>
        <method signature="ParkingPageTest.Parking_Agreement_Display()[pri:9, instance:com.arc.testCases.Project.ParkingPageTest@d9345cd]" name="Parking_Agreement_Display" class="com.arc.testCases.Project.ParkingPageTest"/>
        <method signature="ParkingPageTest.Parking_Agreement_Download()[pri:9, instance:com.arc.testCases.Project.ParkingPageTest@d9345cd]" name="Parking_Agreement_Download" class="com.arc.testCases.Project.ParkingPageTest"/>
        <method signature="ParkingPageTest.Parking_LEEDID_Project_Download_Invoice()[pri:9, instance:com.arc.testCases.Project.ParkingPageTest@d9345cd]" name="Parking_LEEDID_Project_Download_Invoice" class="com.arc.testCases.Project.ParkingPageTest"/>
        <method signature="ParkingPageTest.Parking_Team_Add_Member()[pri:9, instance:com.arc.testCases.Project.ParkingPageTest@d9345cd]" name="Parking_Team_Add_Member" class="com.arc.testCases.Project.ParkingPageTest"/>
        <method signature="ParkingPageTest.Parking_Team_Delete_Member()[pri:9, instance:com.arc.testCases.Project.ParkingPageTest@d9345cd]" name="Parking_Team_Delete_Member" class="com.arc.testCases.Project.ParkingPageTest"/>
        <method signature="SchoolPageTest.School_Agreement_Display()[pri:5, instance:com.arc.testCases.Project.SchoolPageTest@1151e434]" name="School_Agreement_Display" class="com.arc.testCases.Project.SchoolPageTest"/>
        <method signature="SchoolPageTest.School_Agreement_Download()[pri:5, instance:com.arc.testCases.Project.SchoolPageTest@1151e434]" name="School_Agreement_Download" class="com.arc.testCases.Project.SchoolPageTest"/>
        <method signature="SchoolPageTest.School_LEEDProject_DownloadInvoice()[pri:5, instance:com.arc.testCases.Project.SchoolPageTest@1151e434]" name="School_LEEDProject_DownloadInvoice" class="com.arc.testCases.Project.SchoolPageTest"/>
        <method signature="SchoolPageTest.School_PerformanceCertificate_Download_Invoice_Receipt()[pri:5, instance:com.arc.testCases.Project.SchoolPageTest@1151e434]" name="School_PerformanceCertificate_Download_Invoice_Receipt" class="com.arc.testCases.Project.SchoolPageTest"/>
        <method signature="SchoolPageTest.School_Team_Add_Member()[pri:5, instance:com.arc.testCases.Project.SchoolPageTest@1151e434]" name="School_Team_Add_Member" class="com.arc.testCases.Project.SchoolPageTest"/>
        <method signature="SchoolPageTest.School_Team_Delete_Member()[pri:5, instance:com.arc.testCases.Project.SchoolPageTest@1151e434]" name="School_Team_Delete_Member" class="com.arc.testCases.Project.SchoolPageTest"/>
        <method signature="TransitPageTest.Transit_Agreement_Display()[pri:7, instance:com.arc.testCases.Project.TransitPageTest@55634720]" name="Transit_Agreement_Display" class="com.arc.testCases.Project.TransitPageTest"/>
        <method signature="TransitPageTest.Transit_Agreement_Download()[pri:7, instance:com.arc.testCases.Project.TransitPageTest@55634720]" name="Transit_Agreement_Download" class="com.arc.testCases.Project.TransitPageTest"/>
        <method signature="TransitPageTest.Transit_CreditForm_Download_Upload_Document()[pri:7, instance:com.arc.testCases.Project.TransitPageTest@55634720]" name="Transit_CreditForm_Download_Upload_Document" class="com.arc.testCases.Project.TransitPageTest"/>
        <method signature="TransitPageTest.Transit_File_Upload_Remove()[pri:7, instance:com.arc.testCases.Project.TransitPageTest@55634720]" name="Transit_File_Upload_Remove" class="com.arc.testCases.Project.TransitPageTest"/>
        <method signature="TransitPageTest.Transit_LEEDIDProject_Download_Invoice()[pri:7, instance:com.arc.testCases.Project.TransitPageTest@55634720]" name="Transit_LEEDIDProject_Download_Invoice" class="com.arc.testCases.Project.TransitPageTest"/>
        <method signature="TransitPageTest.Transit_Team_Add_Member()[pri:7, instance:com.arc.testCases.Project.TransitPageTest@55634720]" name="Transit_Team_Add_Member" class="com.arc.testCases.Project.TransitPageTest"/>
        <method signature="TransitPageTest.Transit_Team_Delete_Member()[pri:7, instance:com.arc.testCases.Project.TransitPageTest@55634720]" name="Transit_Team_Delete_Member" class="com.arc.testCases.Project.TransitPageTest"/>
      </group> <!-- Reboot -->
    </groups>
    <test started-at="2021-06-22T23:25:26Z" name="ARC_Reboot_Test" finished-at="2021-06-22T23:43:19Z" duration-ms="1072440">
      <class name="com.arc.testCases.Project.ParkingPageTest">
        <test-method signature="Parking_Agreement_Display()[pri:9, instance:com.arc.testCases.Project.ParkingPageTest@d9345cd]" started-at="2021-06-23T05:11:07Z" name="Parking_Agreement_Display" depends-on-groups="LoginMethodTCGroup" finished-at="2021-06-23T05:11:18Z" duration-ms="11744" status="PASS">
          <reporter-output>
          </reporter-output>
        </test-method> <!-- Parking_Agreement_Display -->
        <test-method signature="Parking_LEEDID_Project_Download_Invoice()[pri:9, instance:com.arc.testCases.Project.ParkingPageTest@d9345cd]" started-at="2021-06-23T05:11:18Z" name="Parking_LEEDID_Project_Download_Invoice" depends-on-groups="LoginMethodTCGroup" finished-at="2021-06-23T05:11:41Z" duration-ms="23055" status="PASS">
          <reporter-output>
          </reporter-output>
        </test-method> <!-- Parking_LEEDID_Project_Download_Invoice -->
        <test-method signature="Parking_Team_Add_Member()[pri:9, instance:com.arc.testCases.Project.ParkingPageTest@d9345cd]" started-at="2021-06-23T05:11:41Z" name="Parking_Team_Add_Member" depends-on-groups="LoginMethodTCGroup" finished-at="2021-06-23T05:12:12Z" duration-ms="30482" status="PASS">
          <reporter-output>
          </reporter-output>
        </test-method> <!-- Parking_Team_Add_Member -->
        <test-method signature="Parking_Agreement_Download()[pri:9, instance:com.arc.testCases.Project.ParkingPageTest@d9345cd]" started-at="2021-06-23T05:12:12Z" name="Parking_Agreement_Download" depends-on-groups="LoginMethodTCGroup" finished-at="2021-06-23T05:12:35Z" depends-on-methods="com.arc.testCases.Project.ParkingPageTest.Parking_Agreement_Display" duration-ms="23457" status="PASS">
          <reporter-output>
          </reporter-output>
        </test-method> <!-- Parking_Agreement_Download -->
        <test-method signature="Parking_Team_Delete_Member()[pri:9, instance:com.arc.testCases.Project.ParkingPageTest@d9345cd]" started-at="2021-06-23T05:12:35Z" name="Parking_Team_Delete_Member" depends-on-groups="LoginMethodTCGroup" finished-at="2021-06-23T05:13:10Z" depends-on-methods="com.arc.testCases.Project.ParkingPageTest.Parking_Team_Add_Member" duration-ms="34933" status="PASS">
          <reporter-output>
          </reporter-output>
        </test-method> <!-- Parking_Team_Delete_Member -->
      </class> <!-- com.arc.testCases.Project.ParkingPageTest -->
      <class name="com.arc.testCases.Project.BuildingPageTest">
        <test-method signature="Building_Agreement_Display()[pri:4, instance:com.arc.testCases.Project.BuildingPageTest@27f981c6]" started-at="2021-06-23T04:56:36Z" name="Building_Agreement_Display" depends-on-groups="LoginMethodTCGroup" finished-at="2021-06-23T04:56:52Z" duration-ms="16101" status="PASS">
          <reporter-output>
          </reporter-output>
        </test-method> <!-- Building_Agreement_Display -->
        <test-method signature="Building_LEEDIDProject_Download_Invoice()[pri:4, instance:com.arc.testCases.Project.BuildingPageTest@27f981c6]" started-at="2021-06-23T04:56:52Z" name="Building_LEEDIDProject_Download_Invoice" depends-on-groups="LoginMethodTCGroup" finished-at="2021-06-23T04:57:20Z" duration-ms="27393" status="PASS">
          <reporter-output>
          </reporter-output>
        </test-method> <!-- Building_LEEDIDProject_Download_Invoice -->
        <test-method signature="Building_PerformanceCertificate_Download_Invoice_Receipt()[pri:4, instance:com.arc.testCases.Project.BuildingPageTest@27f981c6]" started-at="2021-06-23T04:57:20Z" name="Building_PerformanceCertificate_Download_Invoice_Receipt" depends-on-groups="LoginMethodTCGroup" finished-at="2021-06-23T04:58:11Z" duration-ms="51723" status="PASS">
          <reporter-output>
          </reporter-output>
        </test-method> <!-- Building_PerformanceCertificate_Download_Invoice_Receipt -->
        <test-method signature="Building_Recertification_Download_Invoice()[pri:4, instance:com.arc.testCases.Project.BuildingPageTest@27f981c6]" started-at="2021-06-23T04:58:11Z" name="Building_Recertification_Download_Invoice" depends-on-groups="LoginMethodTCGroup" finished-at="2021-06-23T04:58:41Z" duration-ms="29174" status="PASS">
          <reporter-output>
          </reporter-output>
        </test-method> <!-- Building_Recertification_Download_Invoice -->
        <test-method signature="Building_Team_Add_Member()[pri:4, instance:com.arc.testCases.Project.BuildingPageTest@27f981c6]" started-at="2021-06-23T04:58:41Z" name="Building_Team_Add_Member" depends-on-groups="LoginMethodTCGroup" finished-at="2021-06-23T04:59:34Z" duration-ms="53362" status="PASS">
          <reporter-output>
          </reporter-output>
        </test-method> <!-- Building_Team_Add_Member -->
        <test-method signature="Building_Agreement_Download()[pri:4, instance:com.arc.testCases.Project.BuildingPageTest@27f981c6]" started-at="2021-06-23T04:59:34Z" name="Building_Agreement_Download" depends-on-groups="LoginMethodTCGroup" finished-at="2021-06-23T05:00:01Z" depends-on-methods="com.arc.testCases.Project.BuildingPageTest.Building_Agreement_Display" duration-ms="27111" status="PASS">
          <reporter-output>
          </reporter-output>
        </test-method> <!-- Building_Agreement_Download -->
        <test-method signature="Building_Team_Delete_Member()[pri:4, instance:com.arc.testCases.Project.BuildingPageTest@27f981c6]" started-at="2021-06-23T05:00:01Z" name="Building_Team_Delete_Member" depends-on-groups="LoginMethodTCGroup" finished-at="2021-06-23T05:00:39Z" depends-on-methods="com.arc.testCases.Project.BuildingPageTest.Building_Team_Add_Member" duration-ms="37844" status="PASS">
          <reporter-output>
          </reporter-output>
        </test-method> <!-- Building_Team_Delete_Member -->
      </class> <!-- com.arc.testCases.Project.BuildingPageTest -->
      <class name="com.arc.testCases.Project.SchoolPageTest">
        <test-method signature="School_Agreement_Display()[pri:5, instance:com.arc.testCases.Project.SchoolPageTest@1151e434]" started-at="2021-06-23T05:00:39Z" name="School_Agreement_Display" depends-on-groups="LoginMethodTCGroup" finished-at="2021-06-23T05:00:54Z" duration-ms="14856" status="PASS">
          <reporter-output>
          </reporter-output>
        </test-method> <!-- School_Agreement_Display -->
        <test-method signature="School_LEEDProject_DownloadInvoice()[pri:5, instance:com.arc.testCases.Project.SchoolPageTest@1151e434]" started-at="2021-06-23T05:00:54Z" name="School_LEEDProject_DownloadInvoice" depends-on-groups="LoginMethodTCGroup" finished-at="2021-06-23T05:01:22Z" duration-ms="27778" status="PASS">
          <reporter-output>
          </reporter-output>
        </test-method> <!-- School_LEEDProject_DownloadInvoice -->
        <test-method signature="School_PerformanceCertificate_Download_Invoice_Receipt()[pri:5, instance:com.arc.testCases.Project.SchoolPageTest@1151e434]" started-at="2021-06-23T05:01:22Z" name="School_PerformanceCertificate_Download_Invoice_Receipt" depends-on-groups="LoginMethodTCGroup" finished-at="2021-06-23T05:02:08Z" duration-ms="46324" status="PASS">
          <reporter-output>
          </reporter-output>
        </test-method> <!-- School_PerformanceCertificate_Download_Invoice_Receipt -->
        <test-method signature="School_Team_Add_Member()[pri:5, instance:com.arc.testCases.Project.SchoolPageTest@1151e434]" started-at="2021-06-23T05:02:08Z" name="School_Team_Add_Member" depends-on-groups="LoginMethodTCGroup" finished-at="2021-06-23T05:02:41Z" duration-ms="33647" status="PASS">
          <reporter-output>
          </reporter-output>
        </test-method> <!-- School_Team_Add_Member -->
        <test-method signature="School_Agreement_Download()[pri:5, instance:com.arc.testCases.Project.SchoolPageTest@1151e434]" started-at="2021-06-23T05:02:42Z" name="School_Agreement_Download" depends-on-groups="LoginMethodTCGroup" finished-at="2021-06-23T05:03:09Z" depends-on-methods="com.arc.testCases.Project.SchoolPageTest.School_Agreement_Display" duration-ms="27115" status="PASS">
          <reporter-output>
          </reporter-output>
        </test-method> <!-- School_Agreement_Download -->
        <test-method signature="School_Team_Delete_Member()[pri:5, instance:com.arc.testCases.Project.SchoolPageTest@1151e434]" started-at="2021-06-23T05:03:09Z" name="School_Team_Delete_Member" depends-on-groups="LoginMethodTCGroup" finished-at="2021-06-23T05:03:45Z" depends-on-methods="com.arc.testCases.Project.SchoolPageTest.School_Team_Add_Member" duration-ms="36290" status="PASS">
          <reporter-output>
          </reporter-output>
        </test-method> <!-- School_Team_Delete_Member -->
      </class> <!-- com.arc.testCases.Project.SchoolPageTest -->
      <class name="com.arc.testCases.Project.TransitPageTest">
        <test-method signature="Transit_Agreement_Display()[pri:7, instance:com.arc.testCases.Project.TransitPageTest@55634720]" started-at="2021-06-23T05:05:53Z" name="Transit_Agreement_Display" depends-on-groups="LoginMethodTCGroup" finished-at="2021-06-23T05:06:05Z" duration-ms="12508" status="PASS">
          <reporter-output>
          </reporter-output>
        </test-method> <!-- Transit_Agreement_Display -->
        <test-method signature="Transit_CreditForm_Download_Upload_Document()[pri:7, instance:com.arc.testCases.Project.TransitPageTest@55634720]" started-at="2021-06-23T05:06:05Z" name="Transit_CreditForm_Download_Upload_Document" depends-on-groups="LoginMethodTCGroup" finished-at="2021-06-23T05:06:34Z" duration-ms="28182" status="PASS">
          <reporter-output>
          </reporter-output>
        </test-method> <!-- Transit_CreditForm_Download_Upload_Document -->
        <test-method signature="Transit_File_Upload_Remove()[pri:7, instance:com.arc.testCases.Project.TransitPageTest@55634720]" started-at="2021-06-23T05:06:34Z" name="Transit_File_Upload_Remove" depends-on-groups="LoginMethodTCGroup" finished-at="2021-06-23T05:06:59Z" duration-ms="25416" status="PASS">
          <reporter-output>
          </reporter-output>
        </test-method> <!-- Transit_File_Upload_Remove -->
        <test-method signature="Transit_LEEDIDProject_Download_Invoice()[pri:7, instance:com.arc.testCases.Project.TransitPageTest@55634720]" started-at="2021-06-23T05:06:59Z" name="Transit_LEEDIDProject_Download_Invoice" depends-on-groups="LoginMethodTCGroup" finished-at="2021-06-23T05:07:23Z" duration-ms="24455" status="PASS">
          <reporter-output>
          </reporter-output>
        </test-method> <!-- Transit_LEEDIDProject_Download_Invoice -->
        <test-method signature="Transit_Team_Add_Member()[pri:7, instance:com.arc.testCases.Project.TransitPageTest@55634720]" started-at="2021-06-23T05:07:23Z" name="Transit_Team_Add_Member" depends-on-groups="LoginMethodTCGroup" finished-at="2021-06-23T05:07:58Z" duration-ms="34154" status="PASS">
          <reporter-output>
          </reporter-output>
        </test-method> <!-- Transit_Team_Add_Member -->
        <test-method signature="Transit_Agreement_Download()[pri:7, instance:com.arc.testCases.Project.TransitPageTest@55634720]" started-at="2021-06-23T05:07:58Z" name="Transit_Agreement_Download" depends-on-groups="LoginMethodTCGroup" finished-at="2021-06-23T05:08:22Z" depends-on-methods="com.arc.testCases.Project.TransitPageTest.Transit_Agreement_Display" duration-ms="24322" status="PASS">
          <reporter-output>
          </reporter-output>
        </test-method> <!-- Transit_Agreement_Download -->
        <test-method signature="Transit_Team_Delete_Member()[pri:7, instance:com.arc.testCases.Project.TransitPageTest@55634720]" started-at="2021-06-23T05:08:22Z" name="Transit_Team_Delete_Member" depends-on-groups="LoginMethodTCGroup" finished-at="2021-06-23T05:08:58Z" depends-on-methods="com.arc.testCases.Project.TransitPageTest.Transit_Team_Add_Member" duration-ms="36613" status="PASS">
          <reporter-output>
          </reporter-output>
        </test-method> <!-- Transit_Team_Delete_Member -->
      </class> <!-- com.arc.testCases.Project.TransitPageTest -->
      <class name="com.arc.testCases.LoginPageTest">
        <test-method is-config="true" signature="initializtion(java.lang.String)[pri:0, instance:com.arc.testCases.LoginPageTest@26e356f0]" started-at="2021-06-23T04:55:26Z" name="initializtion" finished-at="2021-06-23T04:55:43Z" duration-ms="16949" status="PASS">
          <params>
            <param index="0">
              <value>
                <![CDATA[chrome]]>
              </value>
            </param>
          </params>
          <reporter-output>
          </reporter-output>
        </test-method> <!-- initializtion -->
        <test-method signature="Login_ApplicationTest()[pri:1, instance:com.arc.testCases.LoginPageTest@26e356f0]" started-at="2021-06-23T04:55:44Z" name="Login_ApplicationTest" finished-at="2021-06-23T04:56:07Z" duration-ms="23665" status="PASS">
          <reporter-output>
          </reporter-output>
        </test-method> <!-- Login_ApplicationTest -->
        <test-method is-config="true" signature="closeBrowser()[pri:0, instance:com.arc.testCases.LoginPageTest@26e356f0]" started-at="2021-06-23T05:13:18Z" name="closeBrowser" finished-at="2021-06-23T05:13:19Z" duration-ms="573" status="PASS">
          <reporter-output>
          </reporter-output>
        </test-method> <!-- closeBrowser -->
      </class> <!-- com.arc.testCases.LoginPageTest -->
      <class name="com.arc.testCases.Project.CommunitiesPageTest">
        <test-method signature="Communities_Agreement_Display()[pri:8, instance:com.arc.testCases.Project.CommunitiesPageTest@4c1909a3]" started-at="2021-06-23T05:08:58Z" name="Communities_Agreement_Display" depends-on-groups="LoginMethodTCGroup" finished-at="2021-06-23T05:09:10Z" duration-ms="11774" status="PASS">
          <reporter-output>
          </reporter-output>
        </test-method> <!-- Communities_Agreement_Display -->
        <test-method signature="Community_LEEDIDProject_Download_Invoice()[pri:8, instance:com.arc.testCases.Project.CommunitiesPageTest@4c1909a3]" started-at="2021-06-23T05:09:10Z" name="Community_LEEDIDProject_Download_Invoice" depends-on-groups="LoginMethodTCGroup" finished-at="2021-06-23T05:09:33Z" duration-ms="23184" status="PASS">
          <reporter-output>
          </reporter-output>
        </test-method> <!-- Community_LEEDIDProject_Download_Invoice -->
        <test-method signature="Community_Team_Add_Member()[pri:8, instance:com.arc.testCases.Project.CommunitiesPageTest@4c1909a3]" started-at="2021-06-23T05:09:33Z" name="Community_Team_Add_Member" depends-on-groups="LoginMethodTCGroup" finished-at="2021-06-23T05:10:07Z" duration-ms="33872" status="PASS">
          <reporter-output>
          </reporter-output>
        </test-method> <!-- Community_Team_Add_Member -->
        <test-method signature="Communities_Agreement_Download()[pri:8, instance:com.arc.testCases.Project.CommunitiesPageTest@4c1909a3]" started-at="2021-06-23T05:10:07Z" name="Communities_Agreement_Download" depends-on-groups="LoginMethodTCGroup" finished-at="2021-06-23T05:10:32Z" depends-on-methods="com.arc.testCases.Project.CommunitiesPageTest.Communities_Agreement_Display" duration-ms="24267" status="PASS">
          <reporter-output>
          </reporter-output>
        </test-method> <!-- Communities_Agreement_Download -->
        <test-method signature="Community_Team_Delete_Member()[pri:8, instance:com.arc.testCases.Project.CommunitiesPageTest@4c1909a3]" started-at="2021-06-23T05:10:32Z" name="Community_Team_Delete_Member" depends-on-groups="LoginMethodTCGroup" finished-at="2021-06-23T05:11:07Z" depends-on-methods="com.arc.testCases.Project.CommunitiesPageTest.Community_Team_Add_Member" duration-ms="34947" status="PASS">
          <reporter-output>
          </reporter-output>
        </test-method> <!-- Community_Team_Delete_Member -->
      </class> <!-- com.arc.testCases.Project.CommunitiesPageTest -->
      <class name="com.arc.testCases.Project.CityPageTest">
        <test-method signature="City_Agreement_Display()[pri:6, instance:com.arc.testCases.Project.CityPageTest@2dc54ad4]" started-at="2021-06-23T05:03:45Z" name="City_Agreement_Display" depends-on-groups="LoginMethodTCGroup" finished-at="2021-06-23T05:03:55Z" duration-ms="10375" status="PASS">
          <reporter-output>
          </reporter-output>
        </test-method> <!-- City_Agreement_Display -->
        <test-method signature="City_LEEDIDProject_Download_Invoice()[pri:6, instance:com.arc.testCases.Project.CityPageTest@2dc54ad4]" started-at="2021-06-23T05:03:55Z" name="City_LEEDIDProject_Download_Invoice" depends-on-groups="LoginMethodTCGroup" finished-at="2021-06-23T05:04:19Z" duration-ms="23984" status="PASS">
          <reporter-output>
          </reporter-output>
        </test-method> <!-- City_LEEDIDProject_Download_Invoice -->
        <test-method signature="City_Team_Add_Member()[pri:6, instance:com.arc.testCases.Project.CityPageTest@2dc54ad4]" started-at="2021-06-23T05:04:19Z" name="City_Team_Add_Member" depends-on-groups="LoginMethodTCGroup" finished-at="2021-06-23T05:04:52Z" duration-ms="32753" status="PASS">
          <reporter-output>
          </reporter-output>
        </test-method> <!-- City_Team_Add_Member -->
        <test-method signature="City_Agreement_Download()[pri:6, instance:com.arc.testCases.Project.CityPageTest@2dc54ad4]" started-at="2021-06-23T05:04:52Z" name="City_Agreement_Download" depends-on-groups="LoginMethodTCGroup" finished-at="2021-06-23T05:05:16Z" depends-on-methods="com.arc.testCases.Project.CityPageTest.City_Agreement_Display" duration-ms="23860" status="PASS">
          <reporter-output>
          </reporter-output>
        </test-method> <!-- City_Agreement_Download -->
        <test-method signature="City_Team_Delete_Member()[pri:6, instance:com.arc.testCases.Project.CityPageTest@2dc54ad4]" started-at="2021-06-23T05:05:16Z" name="City_Team_Delete_Member" depends-on-groups="LoginMethodTCGroup" finished-at="2021-06-23T05:05:53Z" depends-on-methods="com.arc.testCases.Project.CityPageTest.City_Team_Add_Member" duration-ms="36911" status="PASS">
          <reporter-output>
          </reporter-output>
        </test-method> <!-- City_Team_Delete_Member -->
      </class> <!-- com.arc.testCases.Project.CityPageTest -->
      <class name="com.arc.testCases.HomePageTest">
        <test-method signature="EssentialUser_Download_Invoice()[pri:2, instance:com.arc.testCases.HomePageTest@47d9a273]" started-at="2021-06-23T04:56:07Z" name="EssentialUser_Download_Invoice" depends-on-groups="LoginMethodTCGroup" finished-at="2021-06-23T04:56:36Z" duration-ms="28863" status="PASS">
          <reporter-output>
          </reporter-output>
        </test-method> <!-- EssentialUser_Download_Invoice -->
        <test-method signature="Logout_Test()[pri:100, instance:com.arc.testCases.HomePageTest@47d9a273]" started-at="2021-06-23T05:13:10Z" name="Logout_Test" depends-on-groups="LoginMethodTCGroup" finished-at="2021-06-23T05:13:18Z" duration-ms="7777" status="PASS">
          <reporter-output>
          </reporter-output>
        </test-method> <!-- Logout_Test -->
      </class> <!-- com.arc.testCases.HomePageTest -->
    </test> <!-- ARC_Reboot_Test -->
  </suite> <!-- ARC Essential Test Suite  -->
</testng-results>
