<?xml version="1.0" encoding="UTF-8"?>
<testng-results ignored="109" total="120" passed="11" failed="0" skipped="0">
  <reporter-output>
  </reporter-output>
  <suite started-at="2022-05-12T01:36:02Z" name="ARC Essential School Regression Suite " finished-at="2022-05-12T01:41:25Z" duration-ms="323009">
    <groups>
      <group name="CommunityRegression">
        <method signature="LoginPageTest.Login_ApplicationTest()[pri:1, instance:com.arc.testCases.LoginPageTest@2892d68]" name="Login_ApplicationTest" class="com.arc.testCases.LoginPageTest"/>
      </group> <!-- CommunityRegression -->
      <group name="TransitRegression">
        <method signature="LoginPageTest.Login_ApplicationTest()[pri:1, instance:com.arc.testCases.LoginPageTest@2892d68]" name="Login_ApplicationTest" class="com.arc.testCases.LoginPageTest"/>
      </group> <!-- TransitRegression -->
      <group name="LoginMethodTCGroup">
        <method signature="LoginPageTest.Login_ApplicationTest()[pri:1, instance:com.arc.testCases.LoginPageTest@2892d68]" name="Login_ApplicationTest" class="com.arc.testCases.LoginPageTest"/>
      </group> <!-- LoginMethodTCGroup -->
      <group name="ProjectRegsRegression">
        <method signature="ProjectRegistrationPageTest.ProjectName_With_Invalid_SpecialCharacters()[pri:4, instance:com.arc.testCases.ProjectRegistrationPageTest@5ab956d7]" name="ProjectName_With_Invalid_SpecialCharacters" class="com.arc.testCases.ProjectRegistrationPageTest"/>
        <method signature="ProjectRegistrationPageTest.ProjectName_With_Valid_SpecialCharacters()[pri:3, instance:com.arc.testCases.ProjectRegistrationPageTest@5ab956d7]" name="ProjectName_With_Valid_SpecialCharacters" class="com.arc.testCases.ProjectRegistrationPageTest"/>
      </group> <!-- ProjectRegsRegression -->
      <group name="CityRegression">
        <method signature="LoginPageTest.Login_ApplicationTest()[pri:1, instance:com.arc.testCases.LoginPageTest@2892d68]" name="Login_ApplicationTest" class="com.arc.testCases.LoginPageTest"/>
      </group> <!-- CityRegression -->
      <group name="Regression">
        <method signature="LoginPageTest.Login_ApplicationTest()[pri:1, instance:com.arc.testCases.LoginPageTest@2892d68]" name="Login_ApplicationTest" class="com.arc.testCases.LoginPageTest"/>
      </group> <!-- Regression -->
      <group name="BuildingsRegression">
        <method signature="LoginPageTest.Login_ApplicationTest()[pri:1, instance:com.arc.testCases.LoginPageTest@2892d68]" name="Login_ApplicationTest" class="com.arc.testCases.LoginPageTest"/>
      </group> <!-- BuildingsRegression -->
      <group name="Reboot">
        <method signature="LoginPageTest.Login_ApplicationTest()[pri:1, instance:com.arc.testCases.LoginPageTest@2892d68]" name="Login_ApplicationTest" class="com.arc.testCases.LoginPageTest"/>
      </group> <!-- Reboot -->
      <group name="ParkSmartRegression">
        <method signature="LoginPageTest.Login_ApplicationTest()[pri:1, instance:com.arc.testCases.LoginPageTest@2892d68]" name="Login_ApplicationTest" class="com.arc.testCases.LoginPageTest"/>
      </group> <!-- ParkSmartRegression -->
      <group name="SchoolRegression">
        <method signature="LoginPageTest.Login_ApplicationTest()[pri:1, instance:com.arc.testCases.LoginPageTest@2892d68]" name="Login_ApplicationTest" class="com.arc.testCases.LoginPageTest"/>
        <method signature="ProjectRegistrationPageTest.ProjectRegistration_SchoolGrossArea_Valid_20499999_SQ_Feet()[pri:31, instance:com.arc.testCases.ProjectRegistrationPageTest@5ab956d7]" name="ProjectRegistration_SchoolGrossArea_Valid_20499999_SQ_Feet" class="com.arc.testCases.ProjectRegistrationPageTest"/>
        <method signature="ProjectRegistrationPageTest.ProjectRegistration_School_OwnerOrganization_AutoSuggestion()[pri:35, instance:com.arc.testCases.ProjectRegistrationPageTest@5ab956d7]" name="ProjectRegistration_School_OwnerOrganization_AutoSuggestion" class="com.arc.testCases.ProjectRegistrationPageTest"/>
        <method signature="ProjectRegistrationPageTest.ProjectRegistration_SchoolsGrossArea_Invalid_1904515_SQ_MT()[pri:34, instance:com.arc.testCases.ProjectRegistrationPageTest@5ab956d7]" name="ProjectRegistration_SchoolsGrossArea_Invalid_1904515_SQ_MT" class="com.arc.testCases.ProjectRegistrationPageTest"/>
        <method signature="ProjectRegistrationPageTest.ProjectRegistration_SchoolsGrossArea_Invalid_20500000_SQ_Feet()[pri:32, instance:com.arc.testCases.ProjectRegistrationPageTest@5ab956d7]" name="ProjectRegistration_SchoolsGrossArea_Invalid_20500000_SQ_Feet" class="com.arc.testCases.ProjectRegistrationPageTest"/>
        <method signature="ProjectRegistrationPageTest.ProjectRegistration_SchoolsGrossArea_Valid_1904514_SQ_MT()[pri:33, instance:com.arc.testCases.ProjectRegistrationPageTest@5ab956d7]" name="ProjectRegistration_SchoolsGrossArea_Valid_1904514_SQ_MT" class="com.arc.testCases.ProjectRegistrationPageTest"/>
        <method signature="ProjectRegistrationPageTest.SchoolRegistration_Check_AddButton_Disabled()[pri:38, instance:com.arc.testCases.ProjectRegistrationPageTest@5ab956d7]" name="SchoolRegistration_Check_AddButton_Disabled" class="com.arc.testCases.ProjectRegistrationPageTest"/>
        <method signature="ProjectRegistrationPageTest.SchoolRegistration_InvalidEmailCheck()[pri:36, instance:com.arc.testCases.ProjectRegistrationPageTest@5ab956d7]" name="SchoolRegistration_InvalidEmailCheck" class="com.arc.testCases.ProjectRegistrationPageTest"/>
        <method signature="ProjectRegistrationPageTest.School_Project_Creation_Opens_Overview_Screen()[pri:41, instance:com.arc.testCases.ProjectRegistrationPageTest@5ab956d7]" name="School_Project_Creation_Opens_Overview_Screen" class="com.arc.testCases.ProjectRegistrationPageTest"/>
      </group> <!-- SchoolRegression -->
    </groups>
    <test started-at="2022-05-12T01:36:02Z" name="Building RegressionTest Cases" finished-at="2022-05-12T01:41:25Z" duration-ms="323009">
      <class name="com.arc.testCases.ProjectRegistrationPageTest">
        <test-method signature="ProjectName_With_Valid_SpecialCharacters()[pri:3, instance:com.arc.testCases.ProjectRegistrationPageTest@5ab956d7]" started-at="2022-05-11T18:36:42Z" name="ProjectName_With_Valid_SpecialCharacters" description="Verify Project Name should allow special character (-&amp;+/:&#039;,-.#)" depends-on-groups="LoginMethodTCGroup" finished-at="2022-05-11T18:37:35Z" duration-ms="52411" status="PASS">
          <reporter-output>
          </reporter-output>
        </test-method> <!-- ProjectName_With_Valid_SpecialCharacters -->
        <test-method signature="ProjectName_With_Invalid_SpecialCharacters()[pri:4, instance:com.arc.testCases.ProjectRegistrationPageTest@5ab956d7]" started-at="2022-05-11T18:37:35Z" name="ProjectName_With_Invalid_SpecialCharacters" description="Verify with Invalid special characters for Project name are !~$%^*()" depends-on-groups="LoginMethodTCGroup" finished-at="2022-05-11T18:37:36Z" duration-ms="1093" status="PASS">
          <reporter-output>
          </reporter-output>
        </test-method> <!-- ProjectName_With_Invalid_SpecialCharacters -->
        <test-method signature="ProjectRegistration_SchoolGrossArea_Valid_20499999_SQ_Feet()[pri:31, instance:com.arc.testCases.ProjectRegistrationPageTest@5ab956d7]" started-at="2022-05-11T18:37:36Z" name="ProjectRegistration_SchoolGrossArea_Valid_20499999_SQ_Feet" description=" Verify Schools adding Gross area - limit allowed is Max: 20,499,999  square feets" depends-on-groups="LoginMethodTCGroup" finished-at="2022-05-11T18:38:40Z" duration-ms="64094" status="PASS">
          <reporter-output>
          </reporter-output>
        </test-method> <!-- ProjectRegistration_SchoolGrossArea_Valid_20499999_SQ_Feet -->
        <test-method signature="ProjectRegistration_SchoolsGrossArea_Invalid_20500000_SQ_Feet()[pri:32, instance:com.arc.testCases.ProjectRegistrationPageTest@5ab956d7]" started-at="2022-05-11T18:38:40Z" name="ProjectRegistration_SchoolsGrossArea_Invalid_20500000_SQ_Feet" description="Verify Schoolss adding invalid Gross area - 20,500,000  square feets should display Validation message" depends-on-groups="LoginMethodTCGroup" finished-at="2022-05-11T18:38:53Z" duration-ms="12881" status="PASS">
          <reporter-output>
          </reporter-output>
        </test-method> <!-- ProjectRegistration_SchoolsGrossArea_Invalid_20500000_SQ_Feet -->
        <test-method signature="ProjectRegistration_SchoolsGrossArea_Valid_1904514_SQ_MT()[pri:33, instance:com.arc.testCases.ProjectRegistrationPageTest@5ab956d7]" started-at="2022-05-11T18:38:53Z" name="ProjectRegistration_SchoolsGrossArea_Valid_1904514_SQ_MT" description=" Verify Schools adding Gross area - limit allowed is Max: 1,904,514 square meters" depends-on-groups="LoginMethodTCGroup" finished-at="2022-05-11T18:39:56Z" duration-ms="62963" status="PASS">
          <reporter-output>
          </reporter-output>
        </test-method> <!-- ProjectRegistration_SchoolsGrossArea_Valid_1904514_SQ_MT -->
        <test-method signature="ProjectRegistration_SchoolsGrossArea_Invalid_1904515_SQ_MT()[pri:34, instance:com.arc.testCases.ProjectRegistrationPageTest@5ab956d7]" started-at="2022-05-11T18:39:56Z" name="ProjectRegistration_SchoolsGrossArea_Invalid_1904515_SQ_MT" description=" Verify Schools adding invalid Gross area -  1,904,515 square meters should display validation message" depends-on-groups="LoginMethodTCGroup" finished-at="2022-05-11T18:40:09Z" duration-ms="13565" status="PASS">
          <reporter-output>
          </reporter-output>
        </test-method> <!-- ProjectRegistration_SchoolsGrossArea_Invalid_1904515_SQ_MT -->
        <test-method signature="ProjectRegistration_School_OwnerOrganization_AutoSuggestion()[pri:35, instance:com.arc.testCases.ProjectRegistrationPageTest@5ab956d7]" started-at="2022-05-11T18:40:09Z" name="ProjectRegistration_School_OwnerOrganization_AutoSuggestion" description="Verify &#039;Owner organization&#039; field by adding a letter should give suggested values from the database." depends-on-groups="LoginMethodTCGroup" finished-at="2022-05-11T18:40:24Z" duration-ms="14982" status="PASS">
          <reporter-output>
          </reporter-output>
        </test-method> <!-- ProjectRegistration_School_OwnerOrganization_AutoSuggestion -->
        <test-method signature="SchoolRegistration_InvalidEmailCheck()[pri:36, instance:com.arc.testCases.ProjectRegistrationPageTest@5ab956d7]" started-at="2022-05-11T18:40:24Z" name="SchoolRegistration_InvalidEmailCheck" description="Verify &#039;Owner Email&#039; field gives error if @ and 2 letters after . are missing" depends-on-groups="LoginMethodTCGroup" finished-at="2022-05-11T18:40:38Z" duration-ms="13853" status="PASS">
          <reporter-output>
          </reporter-output>
        </test-method> <!-- SchoolRegistration_InvalidEmailCheck -->
        <test-method signature="SchoolRegistration_Check_AddButton_Disabled()[pri:38, instance:com.arc.testCases.ProjectRegistrationPageTest@5ab956d7]" started-at="2022-05-11T18:40:38Z" name="SchoolRegistration_Check_AddButton_Disabled" description=" Verify &#039;Add Project&#039; button is disabled until checkbox for &#039;Agreement&#039; is selected." depends-on-groups="LoginMethodTCGroup" finished-at="2022-05-11T18:40:57Z" duration-ms="18860" status="PASS">
          <reporter-output>
          </reporter-output>
        </test-method> <!-- SchoolRegistration_Check_AddButton_Disabled -->
        <test-method signature="School_Project_Creation_Opens_Overview_Screen()[pri:41, instance:com.arc.testCases.ProjectRegistrationPageTest@5ab956d7]" started-at="2022-05-11T18:40:57Z" name="School_Project_Creation_Opens_Overview_Screen" description="Verify clicking on &#039;Add project&#039; button redirects to newly registered project at &#039;Overview&#039; Tab." depends-on-groups="LoginMethodTCGroup" finished-at="2022-05-11T18:41:25Z" duration-ms="27461" status="PASS">
          <reporter-output>
          </reporter-output>
        </test-method> <!-- School_Project_Creation_Opens_Overview_Screen -->
      </class> <!-- com.arc.testCases.ProjectRegistrationPageTest -->
      <class name="com.arc.testCases.LoginPageTest">
        <test-method is-config="true" signature="initializtion(java.lang.String)[pri:0, instance:com.arc.testCases.LoginPageTest@2892d68]" started-at="2022-05-11T18:36:02Z" name="initializtion" finished-at="2022-05-11T18:36:26Z" duration-ms="24170" status="PASS">
          <params>
            <param index="0">
              <value>
                <![CDATA[chrome]]>
              </value>
            </param>
          </params>
          <reporter-output>
          </reporter-output>
        </test-method> <!-- initializtion -->
        <test-method signature="Login_ApplicationTest()[pri:1, instance:com.arc.testCases.LoginPageTest@2892d68]" started-at="2022-05-11T18:36:26Z" name="Login_ApplicationTest" description="Verify clicking on Login button should redirect to Home/Overview tab." finished-at="2022-05-11T18:36:42Z" duration-ms="16221" status="PASS">
          <reporter-output>
          </reporter-output>
        </test-method> <!-- Login_ApplicationTest -->
      </class> <!-- com.arc.testCases.LoginPageTest -->
    </test> <!-- Building RegressionTest Cases -->
  </suite> <!-- ARC Essential School Regression Suite  -->
</testng-results>
