<?xml version="1.0" encoding="UTF-8"?>
<testng-results ignored="17" total="40" passed="23" failed="0" skipped="0">
  <reporter-output>
  </reporter-output>
  <suite started-at="2021-06-03T09:46:26Z" name="ARC Essential Test Suite " finished-at="2021-06-03T09:54:34Z" duration-ms="488083">
    <groups>
      <group name="LoginMethodTCGroup">
        <method signature="LoginPageTest.Login_ApplicationTest()[pri:1, instance:com.arc.testCases.LoginPageTest@12aba8be]" name="Login_ApplicationTest" class="com.arc.testCases.LoginPageTest"/>
      </group> <!-- LoginMethodTCGroup -->
    </groups>
    <test started-at="2021-06-03T09:46:26Z" name="ARC_Reboot_Test_Chrome " finished-at="2021-06-03T09:54:34Z" duration-ms="488083">
      <class name="com.arc.testCases.Project.ParkingPageTest">
        <test-method signature="Parking_Agreement_Display()[pri:9, instance:com.arc.testCases.Project.ParkingPageTest@4310d43]" started-at="2021-06-03T15:23:33Z" name="Parking_Agreement_Display" depends-on-groups="LoginMethodTCGroup" finished-at="2021-06-03T15:23:44Z" duration-ms="10655" status="PASS">
          <reporter-output>
          </reporter-output>
        </test-method> <!-- Parking_Agreement_Display -->
        <test-method signature="Parking_LEEDID_Project_Download_Invoice()[pri:9, instance:com.arc.testCases.Project.ParkingPageTest@4310d43]" started-at="2021-06-03T15:23:44Z" name="Parking_LEEDID_Project_Download_Invoice" depends-on-groups="LoginMethodTCGroup" finished-at="2021-06-03T15:24:03Z" duration-ms="18639" status="PASS">
          <reporter-output>
          </reporter-output>
        </test-method> <!-- Parking_LEEDID_Project_Download_Invoice -->
        <test-method signature="Parking_Agreement_Download()[pri:9, instance:com.arc.testCases.Project.ParkingPageTest@4310d43]" started-at="2021-06-03T15:24:03Z" name="Parking_Agreement_Download" depends-on-groups="LoginMethodTCGroup" finished-at="2021-06-03T15:24:22Z" depends-on-methods="com.arc.testCases.Project.ParkingPageTest.Parking_Agreement_Display" duration-ms="18982" status="PASS">
          <reporter-output>
          </reporter-output>
        </test-method> <!-- Parking_Agreement_Download -->
      </class> <!-- com.arc.testCases.Project.ParkingPageTest -->
      <class name="com.arc.testCases.Project.BuildingPageTest">
        <test-method signature="Building_Agreement_Display()[pri:4, instance:com.arc.testCases.Project.BuildingPageTest@27462a88]" started-at="2021-06-03T15:17:21Z" name="Building_Agreement_Display" depends-on-groups="LoginMethodTCGroup" finished-at="2021-06-03T15:17:35Z" duration-ms="13414" status="PASS">
          <reporter-output>
          </reporter-output>
        </test-method> <!-- Building_Agreement_Display -->
        <test-method signature="Building_LEEDIDProject_Download_Invoice()[pri:4, instance:com.arc.testCases.Project.BuildingPageTest@27462a88]" started-at="2021-06-03T15:17:35Z" name="Building_LEEDIDProject_Download_Invoice" depends-on-groups="LoginMethodTCGroup" finished-at="2021-06-03T15:17:56Z" duration-ms="21895" status="PASS">
          <reporter-output>
          </reporter-output>
        </test-method> <!-- Building_LEEDIDProject_Download_Invoice -->
        <test-method signature="Building_PerformanceCertificate_Download_Invoice_Receipt()[pri:4, instance:com.arc.testCases.Project.BuildingPageTest@27462a88]" started-at="2021-06-03T15:17:56Z" name="Building_PerformanceCertificate_Download_Invoice_Receipt" depends-on-groups="LoginMethodTCGroup" finished-at="2021-06-03T15:18:36Z" duration-ms="39604" status="PASS">
          <reporter-output>
          </reporter-output>
        </test-method> <!-- Building_PerformanceCertificate_Download_Invoice_Receipt -->
        <test-method signature="Building_Recertification_Download_Invoice()[pri:4, instance:com.arc.testCases.Project.BuildingPageTest@27462a88]" started-at="2021-06-03T15:18:36Z" name="Building_Recertification_Download_Invoice" depends-on-groups="LoginMethodTCGroup" finished-at="2021-06-03T15:18:58Z" duration-ms="21651" status="PASS">
          <reporter-output>
          </reporter-output>
        </test-method> <!-- Building_Recertification_Download_Invoice -->
        <test-method signature="Building_Agreement_Download()[pri:4, instance:com.arc.testCases.Project.BuildingPageTest@27462a88]" started-at="2021-06-03T15:18:58Z" name="Building_Agreement_Download" depends-on-groups="LoginMethodTCGroup" finished-at="2021-06-03T15:19:22Z" depends-on-methods="com.arc.testCases.Project.BuildingPageTest.Building_Agreement_Display" duration-ms="24146" status="PASS">
          <reporter-output>
          </reporter-output>
        </test-method> <!-- Building_Agreement_Download -->
      </class> <!-- com.arc.testCases.Project.BuildingPageTest -->
      <class name="com.arc.testCases.Project.SchoolPageTest">
        <test-method signature="School_Agreement_Display()[pri:5, instance:com.arc.testCases.Project.SchoolPageTest@659499f1]" started-at="2021-06-03T15:19:22Z" name="School_Agreement_Display" depends-on-groups="LoginMethodTCGroup" finished-at="2021-06-03T15:19:34Z" duration-ms="12021" status="PASS">
          <reporter-output>
          </reporter-output>
        </test-method> <!-- School_Agreement_Display -->
        <test-method signature="School_LEEDProject_DownloadInvoice()[pri:5, instance:com.arc.testCases.Project.SchoolPageTest@659499f1]" started-at="2021-06-03T15:19:34Z" name="School_LEEDProject_DownloadInvoice" depends-on-groups="LoginMethodTCGroup" finished-at="2021-06-03T15:19:55Z" duration-ms="20651" status="PASS">
          <reporter-output>
          </reporter-output>
        </test-method> <!-- School_LEEDProject_DownloadInvoice -->
        <test-method signature="School_PerformanceCertificate_Download_Invoice_Receipt()[pri:5, instance:com.arc.testCases.Project.SchoolPageTest@659499f1]" started-at="2021-06-03T15:19:55Z" name="School_PerformanceCertificate_Download_Invoice_Receipt" depends-on-groups="LoginMethodTCGroup" finished-at="2021-06-03T15:20:34Z" duration-ms="39364" status="PASS">
          <reporter-output>
          </reporter-output>
        </test-method> <!-- School_PerformanceCertificate_Download_Invoice_Receipt -->
        <test-method signature="School_Agreement_Download()[pri:5, instance:com.arc.testCases.Project.SchoolPageTest@659499f1]" started-at="2021-06-03T15:20:34Z" name="School_Agreement_Download" depends-on-groups="LoginMethodTCGroup" finished-at="2021-06-03T15:20:59Z" depends-on-methods="com.arc.testCases.Project.SchoolPageTest.School_Agreement_Display" duration-ms="24922" status="PASS">
          <reporter-output>
          </reporter-output>
        </test-method> <!-- School_Agreement_Download -->
      </class> <!-- com.arc.testCases.Project.SchoolPageTest -->
      <class name="com.arc.testCases.Project.TransitPageTest">
        <test-method signature="Transit_CreditForm_Download_Upload_Document()[pri:7, instance:com.arc.testCases.Project.TransitPageTest@47e2e487]" started-at="2021-06-03T15:21:52Z" name="Transit_CreditForm_Download_Upload_Document" depends-on-groups="LoginMethodTCGroup" finished-at="2021-06-03T15:22:18Z" duration-ms="26127" status="PASS">
          <reporter-output>
          </reporter-output>
        </test-method> <!-- Transit_CreditForm_Download_Upload_Document -->
        <test-method signature="Transit_File_Upload_Remove()[pri:7, instance:com.arc.testCases.Project.TransitPageTest@47e2e487]" started-at="2021-06-03T15:22:18Z" name="Transit_File_Upload_Remove" depends-on-groups="LoginMethodTCGroup" finished-at="2021-06-03T15:22:42Z" duration-ms="23683" status="PASS">
          <reporter-output>
          </reporter-output>
        </test-method> <!-- Transit_File_Upload_Remove -->
      </class> <!-- com.arc.testCases.Project.TransitPageTest -->
      <class name="com.arc.testCases.Project.CommunitiesPageTest">
        <test-method signature="Communities_Agreement_Display()[pri:8, instance:com.arc.testCases.Project.CommunitiesPageTest@201a4587]" started-at="2021-06-03T15:22:42Z" name="Communities_Agreement_Display" depends-on-groups="LoginMethodTCGroup" finished-at="2021-06-03T15:22:50Z" duration-ms="8898" status="PASS">
          <reporter-output>
          </reporter-output>
        </test-method> <!-- Communities_Agreement_Display -->
        <test-method signature="Community_LEEDIDProject_Download_Invoice()[pri:8, instance:com.arc.testCases.Project.CommunitiesPageTest@201a4587]" started-at="2021-06-03T15:22:50Z" name="Community_LEEDIDProject_Download_Invoice" depends-on-groups="LoginMethodTCGroup" finished-at="2021-06-03T15:23:09Z" duration-ms="18990" status="PASS">
          <reporter-output>
          </reporter-output>
        </test-method> <!-- Community_LEEDIDProject_Download_Invoice -->
        <test-method signature="Communities_Agreement_Download()[pri:8, instance:com.arc.testCases.Project.CommunitiesPageTest@201a4587]" started-at="2021-06-03T15:23:09Z" name="Communities_Agreement_Download" depends-on-groups="LoginMethodTCGroup" finished-at="2021-06-03T15:23:33Z" depends-on-methods="com.arc.testCases.Project.CommunitiesPageTest.Communities_Agreement_Display" duration-ms="23857" status="PASS">
          <reporter-output>
          </reporter-output>
        </test-method> <!-- Communities_Agreement_Download -->
      </class> <!-- com.arc.testCases.Project.CommunitiesPageTest -->
      <class name="com.arc.testCases.LoginPageTest">
        <test-method is-config="true" signature="initializtion(java.lang.String)[pri:0, instance:com.arc.testCases.LoginPageTest@12aba8be]" started-at="2021-06-03T15:16:26Z" name="initializtion" finished-at="2021-06-03T15:16:38Z" duration-ms="12259" status="PASS">
          <params>
            <param index="0">
              <value>
                <![CDATA[chrome]]>
              </value>
            </param>
          </params>
          <reporter-output>
          </reporter-output>
        </test-method> <!-- initializtion -->
        <test-method signature="Login_ApplicationTest()[pri:1, instance:com.arc.testCases.LoginPageTest@12aba8be]" started-at="2021-06-03T15:16:38Z" name="Login_ApplicationTest" finished-at="2021-06-03T15:16:52Z" duration-ms="13312" status="PASS">
          <reporter-output>
          </reporter-output>
        </test-method> <!-- Login_ApplicationTest -->
        <test-method is-config="true" signature="closeBrowser()[pri:0, instance:com.arc.testCases.LoginPageTest@12aba8be]" started-at="2021-06-03T15:24:34Z" name="closeBrowser" finished-at="2021-06-03T15:24:34Z" duration-ms="105" status="PASS">
          <reporter-output>
          </reporter-output>
        </test-method> <!-- closeBrowser -->
      </class> <!-- com.arc.testCases.LoginPageTest -->
      <class name="com.arc.testCases.Project.CityPageTest">
        <test-method signature="City_Agreement_Display()[pri:6, instance:com.arc.testCases.Project.CityPageTest@51e69659]" started-at="2021-06-03T15:20:59Z" name="City_Agreement_Display" depends-on-groups="LoginMethodTCGroup" finished-at="2021-06-03T15:21:11Z" duration-ms="11721" status="PASS">
          <reporter-output>
          </reporter-output>
        </test-method> <!-- City_Agreement_Display -->
        <test-method signature="City_LEEDIDProject_Download_Invoice()[pri:6, instance:com.arc.testCases.Project.CityPageTest@51e69659]" started-at="2021-06-03T15:21:11Z" name="City_LEEDIDProject_Download_Invoice" depends-on-groups="LoginMethodTCGroup" finished-at="2021-06-03T15:21:30Z" duration-ms="19875" status="PASS">
          <reporter-output>
          </reporter-output>
        </test-method> <!-- City_LEEDIDProject_Download_Invoice -->
        <test-method signature="City_Agreement_Download()[pri:6, instance:com.arc.testCases.Project.CityPageTest@51e69659]" started-at="2021-06-03T15:21:30Z" name="City_Agreement_Download" depends-on-groups="LoginMethodTCGroup" finished-at="2021-06-03T15:21:52Z" depends-on-methods="com.arc.testCases.Project.CityPageTest.City_Agreement_Display" duration-ms="21374" status="PASS">
          <reporter-output>
          </reporter-output>
        </test-method> <!-- City_Agreement_Download -->
      </class> <!-- com.arc.testCases.Project.CityPageTest -->
      <class name="com.arc.testCases.HomePageTest">
        <test-method signature="EssentialUser_Download_Invoice()[pri:2, instance:com.arc.testCases.HomePageTest@290222c1]" started-at="2021-06-03T15:16:52Z" name="EssentialUser_Download_Invoice" depends-on-groups="LoginMethodTCGroup" finished-at="2021-06-03T15:17:21Z" duration-ms="29452" status="PASS">
          <reporter-output>
          </reporter-output>
        </test-method> <!-- EssentialUser_Download_Invoice -->
        <test-method signature="Logout_Test()[pri:100, instance:com.arc.testCases.HomePageTest@290222c1]" started-at="2021-06-03T15:24:22Z" name="Logout_Test" depends-on-groups="LoginMethodTCGroup" finished-at="2021-06-03T15:24:34Z" duration-ms="12334" status="PASS">
          <reporter-output>
          </reporter-output>
        </test-method> <!-- Logout_Test -->
      </class> <!-- com.arc.testCases.HomePageTest -->
    </test> <!-- ARC_Reboot_Test_Chrome  -->
  </suite> <!-- ARC Essential Test Suite  -->
</testng-results>
